FILE [INFO ] 2022-02-02 17:39:34,015 main Sorter Logger - Launch sorting application
FILE [DEBUG] 2022-02-02 17:39:35,366 main Sorter Logger - Input minimum value: 0
FILE [INFO ] 2022-02-02 17:40:20,113 main Sorter Logger - Launch sorting application
FILE [DEBUG] 2022-02-02 17:40:22,040 main Sorter Logger - Input minimum value: 0
FILE [INFO ] 2022-02-02 17:44:21,754 main Sorter Logger - Launch sorting application
FILE [DEBUG] 2022-02-02 17:44:22,934 main Sorter Logger - Input minimum value: 0
FILE [DEBUG] 2022-02-02 17:44:28,781 main Sorter Logger - Input maximum value: 10
FILE [DEBUG] 2022-02-02 17:44:35,543 main Sorter Logger - Input array length: 10
FILE [DEBUG] 2022-02-02 17:44:35,543 main Sorter Logger - Array generated: [6, 6, 8, 6, 9, 5, 8, 6, 8, 3]
FILE [DEBUG] 2022-02-02 17:44:41,693 main Sorter Logger - Input sortMethod: bubble
FILE [DEBUG] 2022-02-02 17:44:41,704 main Sorter Logger - Received sort method: bubble
FILE [DEBUG] 2022-02-02 17:44:41,705 main Sorter Logger - int Array: [6, 6, 8, 6, 9, 5, 8, 6, 8, 3]
FILE [DEBUG] 2022-02-02 17:44:41,710 main Sorter Logger - Bubble sort progressing: [6, 6, 8, 6, 9, 5, 8, 6, 8, 3]
FILE [DEBUG] 2022-02-02 17:44:41,710 main Sorter Logger - Bubble sort progressing: [6, 6, 6, 8, 5, 8, 6, 8, 3, 9]
FILE [DEBUG] 2022-02-02 17:44:41,710 main Sorter Logger - Bubble sort progressing: [6, 6, 6, 5, 8, 6, 8, 3, 8, 9]
FILE [DEBUG] 2022-02-02 17:44:41,711 main Sorter Logger - Bubble sort progressing: [6, 6, 5, 6, 6, 8, 3, 8, 8, 9]
FILE [DEBUG] 2022-02-02 17:44:41,711 main Sorter Logger - Bubble sort progressing: [6, 5, 6, 6, 6, 3, 8, 8, 8, 9]
FILE [DEBUG] 2022-02-02 17:44:41,711 main Sorter Logger - Bubble sort progressing: [5, 6, 6, 6, 3, 6, 8, 8, 8, 9]
FILE [DEBUG] 2022-02-02 17:44:41,711 main Sorter Logger - Bubble sort progressing: [5, 6, 6, 3, 6, 6, 8, 8, 8, 9]
FILE [DEBUG] 2022-02-02 17:44:41,711 main Sorter Logger - Bubble sort progressing: [5, 6, 3, 6, 6, 6, 8, 8, 8, 9]
FILE [DEBUG] 2022-02-02 17:44:41,711 main Sorter Logger - Bubble sort progressing: [5, 3, 6, 6, 6, 6, 8, 8, 8, 9]
FILE [DEBUG] 2022-02-02 17:44:41,711 main Sorter Logger - Bubble sort result: [3, 5, 6, 6, 6, 6, 8, 8, 8, 9]
FILE [DEBUG] 2022-02-02 17:44:41,711 main Sorter Logger - Final sort result: [3, 5, 6, 6, 6, 6, 8, 8, 8, 9]
FILE [INFO ] 2022-02-02 17:45:28,855 main Sorter Logger - Launch sorting application
FILE [DEBUG] 2022-02-02 17:45:30,087 main Sorter Logger - Input minimum value: 0
FILE [INFO ] 2022-02-02 17:47:20,187 main Sorter Logger - Launch sorting application
FILE [DEBUG] 2022-02-02 17:47:22,532 main Sorter Logger - Input minimum value: 0
FILE [DEBUG] 2022-02-02 17:47:24,227 main Sorter Logger - Input maximum value: 10
FILE [DEBUG] 2022-02-02 17:47:25,367 main Sorter Logger - Input array length: 10
FILE [DEBUG] 2022-02-02 17:47:25,367 main Sorter Logger - Array generated: [6, 10, 10, 4, 8, 7, 0, 7, 1, 7]
FILE [INFO ] 2022-02-02 17:47:30,798 main Sorter Logger - Launch sorting application
FILE [DEBUG] 2022-02-02 17:47:31,709 main Sorter Logger - Input minimum value: 0
FILE [INFO ] 2022-02-02 17:47:56,424 main Sorter Logger - Launch sorting application
FILE [DEBUG] 2022-02-02 17:47:57,460 main Sorter Logger - Input minimum value: 0
FILE [INFO ] 2022-02-02 17:48:06,928 main Sorter Logger - Launch sorting application
FILE [DEBUG] 2022-02-02 17:48:08,560 main Sorter Logger - Input minimum value: 0
FILE [INFO ] 2022-02-02 17:50:48,112 main Sorter Logger - Launch sorting application
FILE [DEBUG] 2022-02-02 17:50:51,741 main Sorter Logger - Input minimum value: 0
FILE [INFO ] 2022-02-02 17:51:27,417 main Sorter Logger - Launch sorting application
FILE [DEBUG] 2022-02-02 17:51:29,479 main Sorter Logger - Input minimum value: 0
FILE [INFO ] 2022-02-02 18:00:02,959 main Sorter Logger - Launch sorting application
FILE [WARN ] 2022-02-02 18:00:04,082 main Sorter Logger - Incorrect input detected
FILE [DEBUG] 2022-02-02 18:00:04,083 main Sorter Logger - Input minimum value: 0
FILE [WARN ] 2022-02-02 18:00:09,862 main Sorter Logger - Incorrect input detected
FILE [DEBUG] 2022-02-02 18:00:09,862 main Sorter Logger - Input minimum value: 0
FILE [DEBUG] 2022-02-02 18:00:12,428 main Sorter Logger - Input minimum value: 1
FILE [INFO ] 2022-02-02 18:02:08,582 main Sorter Logger - Launch sorting application
FILE [WARN ] 2022-02-02 18:02:10,995 main Sorter Logger - Incorrect input detected
FILE [WARN ] 2022-02-02 18:02:20,001 main Sorter Logger - Incorrect input detected
FILE [WARN ] 2022-02-02 18:02:22,370 main Sorter Logger - Incorrect input detected
FILE [WARN ] 2022-02-02 18:02:23,638 main Sorter Logger - Incorrect input detected
FILE [DEBUG] 2022-02-02 18:02:25,013 main Sorter Logger - Input minimum value: 0
FILE [INFO ] 2022-02-02 18:11:02,467 main Sorter Logger - Launch sorting application
FILE [WARN ] 2022-02-02 18:11:04,320 main Sorter Logger - Incorrect input detected: Non-int
FILE [DEBUG] 2022-02-02 18:11:06,010 main Sorter Logger - Input minimum value: 0
FILE [WARN ] 2022-02-02 18:11:08,283 main Sorter Logger - Incorrect input detected: Non-int / minInt > maxInt
FILE [WARN ] 2022-02-02 18:11:10,294 main Sorter Logger - Incorrect input detected: Non-int / minInt > maxInt
FILE [DEBUG] 2022-02-02 18:11:13,763 main Sorter Logger - Input maximum value: 100
FILE [DEBUG] 2022-02-02 18:11:21,854 main Sorter Logger - Input array length: 100
FILE [DEBUG] 2022-02-02 18:11:21,855 main Sorter Logger - Array generated: [52, 20, 44, 79, 69, 78, 82, 42, 100, 78, 36, 74, 31, 76, 57, 65, 57, 7, 0, 84, 88, 71, 70, 60, 94, 55, 56, 92, 54, 100, 32, 91, 75, 33, 86, 92, 33, 9, 90, 70, 20, 2, 86, 67, 66, 65, 45, 42, 21, 54, 4, 96, 74, 34, 58, 41, 62, 21, 57, 86, 39, 17, 65, 98, 60, 29, 46, 93, 24, 71, 99, 26, 68, 82, 2, 53, 72, 25, 69, 58, 25, 54, 63, 61, 58, 99, 0, 31, 93, 75, 66, 14, 32, 41, 30, 85, 10, 79, 39, 65]
FILE [DEBUG] 2022-02-02 18:11:27,312 main Sorter Logger - Input sortMethod: bubble
FILE [DEBUG] 2022-02-02 18:11:27,314 main Sorter Logger - Received sort method: bubble
FILE [DEBUG] 2022-02-02 18:11:27,314 main Sorter Logger - int Array: [52, 20, 44, 79, 69, 78, 82, 42, 100, 78, 36, 74, 31, 76, 57, 65, 57, 7, 0, 84, 88, 71, 70, 60, 94, 55, 56, 92, 54, 100, 32, 91, 75, 33, 86, 92, 33, 9, 90, 70, 20, 2, 86, 67, 66, 65, 45, 42, 21, 54, 4, 96, 74, 34, 58, 41, 62, 21, 57, 86, 39, 17, 65, 98, 60, 29, 46, 93, 24, 71, 99, 26, 68, 82, 2, 53, 72, 25, 69, 58, 25, 54, 63, 61, 58, 99, 0, 31, 93, 75, 66, 14, 32, 41, 30, 85, 10, 79, 39, 65]
FILE [DEBUG] 2022-02-02 18:11:27,314 main Sorter Logger - Bubble sort progressing: [52, 20, 44, 79, 69, 78, 82, 42, 100, 78, 36, 74, 31, 76, 57, 65, 57, 7, 0, 84, 88, 71, 70, 60, 94, 55, 56, 92, 54, 100, 32, 91, 75, 33, 86, 92, 33, 9, 90, 70, 20, 2, 86, 67, 66, 65, 45, 42, 21, 54, 4, 96, 74, 34, 58, 41, 62, 21, 57, 86, 39, 17, 65, 98, 60, 29, 46, 93, 24, 71, 99, 26, 68, 82, 2, 53, 72, 25, 69, 58, 25, 54, 63, 61, 58, 99, 0, 31, 93, 75, 66, 14, 32, 41, 30, 85, 10, 79, 39, 65]
FILE [DEBUG] 2022-02-02 18:11:27,315 main Sorter Logger - Bubble sort progressing: [20, 44, 52, 69, 78, 79, 42, 82, 78, 36, 74, 31, 76, 57, 65, 57, 7, 0, 84, 88, 71, 70, 60, 94, 55, 56, 92, 54, 100, 32, 91, 75, 33, 86, 92, 33, 9, 90, 70, 20, 2, 86, 67, 66, 65, 45, 42, 21, 54, 4, 96, 74, 34, 58, 41, 62, 21, 57, 86, 39, 17, 65, 98, 60, 29, 46, 93, 24, 71, 99, 26, 68, 82, 2, 53, 72, 25, 69, 58, 25, 54, 63, 61, 58, 99, 0, 31, 93, 75, 66, 14, 32, 41, 30, 85, 10, 79, 39, 65, 100]
FILE [DEBUG] 2022-02-02 18:11:27,315 main Sorter Logger - Bubble sort progressing: [20, 44, 52, 69, 78, 42, 79, 78, 36, 74, 31, 76, 57, 65, 57, 7, 0, 82, 84, 71, 70, 60, 88, 55, 56, 92, 54, 94, 32, 91, 75, 33, 86, 92, 33, 9, 90, 70, 20, 2, 86, 67, 66, 65, 45, 42, 21, 54, 4, 96, 74, 34, 58, 41, 62, 21, 57, 86, 39, 17, 65, 98, 60, 29, 46, 93, 24, 71, 99, 26, 68, 82, 2, 53, 72, 25, 69, 58, 25, 54, 63, 61, 58, 99, 0, 31, 93, 75, 66, 14, 32, 41, 30, 85, 10, 79, 39, 65, 100, 100]
FILE [DEBUG] 2022-02-02 18:11:27,315 main Sorter Logger - Bubble sort progressing: [20, 44, 52, 69, 42, 78, 78, 36, 74, 31, 76, 57, 65, 57, 7, 0, 79, 82, 71, 70, 60, 84, 55, 56, 88, 54, 92, 32, 91, 75, 33, 86, 92, 33, 9, 90, 70, 20, 2, 86, 67, 66, 65, 45, 42, 21, 54, 4, 94, 74, 34, 58, 41, 62, 21, 57, 86, 39, 17, 65, 96, 60, 29, 46, 93, 24, 71, 98, 26, 68, 82, 2, 53, 72, 25, 69, 58, 25, 54, 63, 61, 58, 99, 0, 31, 93, 75, 66, 14, 32, 41, 30, 85, 10, 79, 39, 65, 99, 100, 100]
FILE [DEBUG] 2022-02-02 18:11:27,315 main Sorter Logger - Bubble sort progressing: [20, 44, 52, 42, 69, 78, 36, 74, 31, 76, 57, 65, 57, 7, 0, 78, 79, 71, 70, 60, 82, 55, 56, 84, 54, 88, 32, 91, 75, 33, 86, 92, 33, 9, 90, 70, 20, 2, 86, 67, 66, 65, 45, 42, 21, 54, 4, 92, 74, 34, 58, 41, 62, 21, 57, 86, 39, 17, 65, 94, 60, 29, 46, 93, 24, 71, 96, 26, 68, 82, 2, 53, 72, 25, 69, 58, 25, 54, 63, 61, 58, 98, 0, 31, 93, 75, 66, 14, 32, 41, 30, 85, 10, 79, 39, 65, 99, 99, 100, 100]
FILE [DEBUG] 2022-02-02 18:11:27,315 main Sorter Logger - Bubble sort progressing: [20, 44, 42, 52, 69, 36, 74, 31, 76, 57, 65, 57, 7, 0, 78, 78, 71, 70, 60, 79, 55, 56, 82, 54, 84, 32, 88, 75, 33, 86, 91, 33, 9, 90, 70, 20, 2, 86, 67, 66, 65, 45, 42, 21, 54, 4, 92, 74, 34, 58, 41, 62, 21, 57, 86, 39, 17, 65, 92, 60, 29, 46, 93, 24, 71, 94, 26, 68, 82, 2, 53, 72, 25, 69, 58, 25, 54, 63, 61, 58, 96, 0, 31, 93, 75, 66, 14, 32, 41, 30, 85, 10, 79, 39, 65, 98, 99, 99, 100, 100]
FILE [DEBUG] 2022-02-02 18:11:27,315 main Sorter Logger - Bubble sort progressing: [20, 42, 44, 52, 36, 69, 31, 74, 57, 65, 57, 7, 0, 76, 78, 71, 70, 60, 78, 55, 56, 79, 54, 82, 32, 84, 75, 33, 86, 88, 33, 9, 90, 70, 20, 2, 86, 67, 66, 65, 45, 42, 21, 54, 4, 91, 74, 34, 58, 41, 62, 21, 57, 86, 39, 17, 65, 92, 60, 29, 46, 92, 24, 71, 93, 26, 68, 82, 2, 53, 72, 25, 69, 58, 25, 54, 63, 61, 58, 94, 0, 31, 93, 75, 66, 14, 32, 41, 30, 85, 10, 79, 39, 65, 96, 98, 99, 99, 100, 100]
FILE [DEBUG] 2022-02-02 18:11:27,315 main Sorter Logger - Bubble sort progressing: [20, 42, 44, 36, 52, 31, 69, 57, 65, 57, 7, 0, 74, 76, 71, 70, 60, 78, 55, 56, 78, 54, 79, 32, 82, 75, 33, 84, 86, 33, 9, 88, 70, 20, 2, 86, 67, 66, 65, 45, 42, 21, 54, 4, 90, 74, 34, 58, 41, 62, 21, 57, 86, 39, 17, 65, 91, 60, 29, 46, 92, 24, 71, 92, 26, 68, 82, 2, 53, 72, 25, 69, 58, 25, 54, 63, 61, 58, 93, 0, 31, 93, 75, 66, 14, 32, 41, 30, 85, 10, 79, 39, 65, 94, 96, 98, 99, 99, 100, 100]
FILE [DEBUG] 2022-02-02 18:11:27,315 main Sorter Logger - Bubble sort progressing: [20, 42, 36, 44, 31, 52, 57, 65, 57, 7, 0, 69, 74, 71, 70, 60, 76, 55, 56, 78, 54, 78, 32, 79, 75, 33, 82, 84, 33, 9, 86, 70, 20, 2, 86, 67, 66, 65, 45, 42, 21, 54, 4, 88, 74, 34, 58, 41, 62, 21, 57, 86, 39, 17, 65, 90, 60, 29, 46, 91, 24, 71, 92, 26, 68, 82, 2, 53, 72, 25, 69, 58, 25, 54, 63, 61, 58, 92, 0, 31, 93, 75, 66, 14, 32, 41, 30, 85, 10, 79, 39, 65, 93, 94, 96, 98, 99, 99, 100, 100]
FILE [DEBUG] 2022-02-02 18:11:27,316 main Sorter Logger - Bubble sort progressing: [20, 36, 42, 31, 44, 52, 57, 57, 7, 0, 65, 69, 71, 70, 60, 74, 55, 56, 76, 54, 78, 32, 78, 75, 33, 79, 82, 33, 9, 84, 70, 20, 2, 86, 67, 66, 65, 45, 42, 21, 54, 4, 86, 74, 34, 58, 41, 62, 21, 57, 86, 39, 17, 65, 88, 60, 29, 46, 90, 24, 71, 91, 26, 68, 82, 2, 53, 72, 25, 69, 58, 25, 54, 63, 61, 58, 92, 0, 31, 92, 75, 66, 14, 32, 41, 30, 85, 10, 79, 39, 65, 93, 93, 94, 96, 98, 99, 99, 100, 100]
FILE [DEBUG] 2022-02-02 18:11:27,316 main Sorter Logger - Bubble sort progressing: [20, 36, 31, 42, 44, 52, 57, 7, 0, 57, 65, 69, 70, 60, 71, 55, 56, 74, 54, 76, 32, 78, 75, 33, 78, 79, 33, 9, 82, 70, 20, 2, 84, 67, 66, 65, 45, 42, 21, 54, 4, 86, 74, 34, 58, 41, 62, 21, 57, 86, 39, 17, 65, 86, 60, 29, 46, 88, 24, 71, 90, 26, 68, 82, 2, 53, 72, 25, 69, 58, 25, 54, 63, 61, 58, 91, 0, 31, 92, 75, 66, 14, 32, 41, 30, 85, 10, 79, 39, 65, 92, 93, 93, 94, 96, 98, 99, 99, 100, 100]
FILE [DEBUG] 2022-02-02 18:11:27,316 main Sorter Logger - Bubble sort progressing: [20, 31, 36, 42, 44, 52, 7, 0, 57, 57, 65, 69, 60, 70, 55, 56, 71, 54, 74, 32, 76, 75, 33, 78, 78, 33, 9, 79, 70, 20, 2, 82, 67, 66, 65, 45, 42, 21, 54, 4, 84, 74, 34, 58, 41, 62, 21, 57, 86, 39, 17, 65, 86, 60, 29, 46, 86, 24, 71, 88, 26, 68, 82, 2, 53, 72, 25, 69, 58, 25, 54, 63, 61, 58, 90, 0, 31, 91, 75, 66, 14, 32, 41, 30, 85, 10, 79, 39, 65, 92, 92, 93, 93, 94, 96, 98, 99, 99, 100, 100]
FILE [DEBUG] 2022-02-02 18:11:27,316 main Sorter Logger - Bubble sort progressing: [20, 31, 36, 42, 44, 7, 0, 52, 57, 57, 65, 60, 69, 55, 56, 70, 54, 71, 32, 74, 75, 33, 76, 78, 33, 9, 78, 70, 20, 2, 79, 67, 66, 65, 45, 42, 21, 54, 4, 82, 74, 34, 58, 41, 62, 21, 57, 84, 39, 17, 65, 86, 60, 29, 46, 86, 24, 71, 86, 26, 68, 82, 2, 53, 72, 25, 69, 58, 25, 54, 63, 61, 58, 88, 0, 31, 90, 75, 66, 14, 32, 41, 30, 85, 10, 79, 39, 65, 91, 92, 92, 93, 93, 94, 96, 98, 99, 99, 100, 100]
FILE [DEBUG] 2022-02-02 18:11:27,316 main Sorter Logger - Bubble sort progressing: [20, 31, 36, 42, 7, 0, 44, 52, 57, 57, 60, 65, 55, 56, 69, 54, 70, 32, 71, 74, 33, 75, 76, 33, 9, 78, 70, 20, 2, 78, 67, 66, 65, 45, 42, 21, 54, 4, 79, 74, 34, 58, 41, 62, 21, 57, 82, 39, 17, 65, 84, 60, 29, 46, 86, 24, 71, 86, 26, 68, 82, 2, 53, 72, 25, 69, 58, 25, 54, 63, 61, 58, 86, 0, 31, 88, 75, 66, 14, 32, 41, 30, 85, 10, 79, 39, 65, 90, 91, 92, 92, 93, 93, 94, 96, 98, 99, 99, 100, 100]
FILE [DEBUG] 2022-02-02 18:11:27,316 main Sorter Logger - Bubble sort progressing: [20, 31, 36, 7, 0, 42, 44, 52, 57, 57, 60, 55, 56, 65, 54, 69, 32, 70, 71, 33, 74, 75, 33, 9, 76, 70, 20, 2, 78, 67, 66, 65, 45, 42, 21, 54, 4, 78, 74, 34, 58, 41, 62, 21, 57, 79, 39, 17, 65, 82, 60, 29, 46, 84, 24, 71, 86, 26, 68, 82, 2, 53, 72, 25, 69, 58, 25, 54, 63, 61, 58, 86, 0, 31, 86, 75, 66, 14, 32, 41, 30, 85, 10, 79, 39, 65, 88, 90, 91, 92, 92, 93, 93, 94, 96, 98, 99, 99, 100, 100]
FILE [DEBUG] 2022-02-02 18:11:27,316 main Sorter Logger - Bubble sort progressing: [20, 31, 7, 0, 36, 42, 44, 52, 57, 57, 55, 56, 60, 54, 65, 32, 69, 70, 33, 71, 74, 33, 9, 75, 70, 20, 2, 76, 67, 66, 65, 45, 42, 21, 54, 4, 78, 74, 34, 58, 41, 62, 21, 57, 78, 39, 17, 65, 79, 60, 29, 46, 82, 24, 71, 84, 26, 68, 82, 2, 53, 72, 25, 69, 58, 25, 54, 63, 61, 58, 86, 0, 31, 86, 75, 66, 14, 32, 41, 30, 85, 10, 79, 39, 65, 86, 88, 90, 91, 92, 92, 93, 93, 94, 96, 98, 99, 99, 100, 100]
FILE [DEBUG] 2022-02-02 18:11:27,316 main Sorter Logger - Bubble sort progressing: [20, 7, 0, 31, 36, 42, 44, 52, 57, 55, 56, 57, 54, 60, 32, 65, 69, 33, 70, 71, 33, 9, 74, 70, 20, 2, 75, 67, 66, 65, 45, 42, 21, 54, 4, 76, 74, 34, 58, 41, 62, 21, 57, 78, 39, 17, 65, 78, 60, 29, 46, 79, 24, 71, 82, 26, 68, 82, 2, 53, 72, 25, 69, 58, 25, 54, 63, 61, 58, 84, 0, 31, 86, 75, 66, 14, 32, 41, 30, 85, 10, 79, 39, 65, 86, 86, 88, 90, 91, 92, 92, 93, 93, 94, 96, 98, 99, 99, 100, 100]
FILE [DEBUG] 2022-02-02 18:11:27,317 main Sorter Logger - Bubble sort progressing: [7, 0, 20, 31, 36, 42, 44, 52, 55, 56, 57, 54, 57, 32, 60, 65, 33, 69, 70, 33, 9, 71, 70, 20, 2, 74, 67, 66, 65, 45, 42, 21, 54, 4, 75, 74, 34, 58, 41, 62, 21, 57, 76, 39, 17, 65, 78, 60, 29, 46, 78, 24, 71, 79, 26, 68, 82, 2, 53, 72, 25, 69, 58, 25, 54, 63, 61, 58, 82, 0, 31, 84, 75, 66, 14, 32, 41, 30, 85, 10, 79, 39, 65, 86, 86, 86, 88, 90, 91, 92, 92, 93, 93, 94, 96, 98, 99, 99, 100, 100]
FILE [DEBUG] 2022-02-02 18:11:27,317 main Sorter Logger - Bubble sort progressing: [0, 7, 20, 31, 36, 42, 44, 52, 55, 56, 54, 57, 32, 57, 60, 33, 65, 69, 33, 9, 70, 70, 20, 2, 71, 67, 66, 65, 45, 42, 21, 54, 4, 74, 74, 34, 58, 41, 62, 21, 57, 75, 39, 17, 65, 76, 60, 29, 46, 78, 24, 71, 78, 26, 68, 79, 2, 53, 72, 25, 69, 58, 25, 54, 63, 61, 58, 82, 0, 31, 82, 75, 66, 14, 32, 41, 30, 84, 10, 79, 39, 65, 85, 86, 86, 86, 88, 90, 91, 92, 92, 93, 93, 94, 96, 98, 99, 99, 100, 100]
FILE [DEBUG] 2022-02-02 18:11:27,317 main Sorter Logger - Bubble sort progressing: [0, 7, 20, 31, 36, 42, 44, 52, 55, 54, 56, 32, 57, 57, 33, 60, 65, 33, 9, 69, 70, 20, 2, 70, 67, 66, 65, 45, 42, 21, 54, 4, 71, 74, 34, 58, 41, 62, 21, 57, 74, 39, 17, 65, 75, 60, 29, 46, 76, 24, 71, 78, 26, 68, 78, 2, 53, 72, 25, 69, 58, 25, 54, 63, 61, 58, 79, 0, 31, 82, 75, 66, 14, 32, 41, 30, 82, 10, 79, 39, 65, 84, 85, 86, 86, 86, 88, 90, 91, 92, 92, 93, 93, 94, 96, 98, 99, 99, 100, 100]
FILE [DEBUG] 2022-02-02 18:11:27,317 main Sorter Logger - Bubble sort progressing: [0, 7, 20, 31, 36, 42, 44, 52, 54, 55, 32, 56, 57, 33, 57, 60, 33, 9, 65, 69, 20, 2, 70, 67, 66, 65, 45, 42, 21, 54, 4, 70, 71, 34, 58, 41, 62, 21, 57, 74, 39, 17, 65, 74, 60, 29, 46, 75, 24, 71, 76, 26, 68, 78, 2, 53, 72, 25, 69, 58, 25, 54, 63, 61, 58, 78, 0, 31, 79, 75, 66, 14, 32, 41, 30, 82, 10, 79, 39, 65, 82, 84, 85, 86, 86, 86, 88, 90, 91, 92, 92, 93, 93, 94, 96, 98, 99, 99, 100, 100]
FILE [DEBUG] 2022-02-02 18:11:27,317 main Sorter Logger - Bubble sort progressing: [0, 7, 20, 31, 36, 42, 44, 52, 54, 32, 55, 56, 33, 57, 57, 33, 9, 60, 65, 20, 2, 69, 67, 66, 65, 45, 42, 21, 54, 4, 70, 70, 34, 58, 41, 62, 21, 57, 71, 39, 17, 65, 74, 60, 29, 46, 74, 24, 71, 75, 26, 68, 76, 2, 53, 72, 25, 69, 58, 25, 54, 63, 61, 58, 78, 0, 31, 78, 75, 66, 14, 32, 41, 30, 79, 10, 79, 39, 65, 82, 82, 84, 85, 86, 86, 86, 88, 90, 91, 92, 92, 93, 93, 94, 96, 98, 99, 99, 100, 100]
FILE [DEBUG] 2022-02-02 18:11:27,317 main Sorter Logger - Bubble sort progressing: [0, 7, 20, 31, 36, 42, 44, 52, 32, 54, 55, 33, 56, 57, 33, 9, 57, 60, 20, 2, 65, 67, 66, 65, 45, 42, 21, 54, 4, 69, 70, 34, 58, 41, 62, 21, 57, 70, 39, 17, 65, 71, 60, 29, 46, 74, 24, 71, 74, 26, 68, 75, 2, 53, 72, 25, 69, 58, 25, 54, 63, 61, 58, 76, 0, 31, 78, 75, 66, 14, 32, 41, 30, 78, 10, 79, 39, 65, 79, 82, 82, 84, 85, 86, 86, 86, 88, 90, 91, 92, 92, 93, 93, 94, 96, 98, 99, 99, 100, 100]
FILE [DEBUG] 2022-02-02 18:11:27,317 main Sorter Logger - Bubble sort progressing: [0, 7, 20, 31, 36, 42, 44, 32, 52, 54, 33, 55, 56, 33, 9, 57, 57, 20, 2, 60, 65, 66, 65, 45, 42, 21, 54, 4, 67, 69, 34, 58, 41, 62, 21, 57, 70, 39, 17, 65, 70, 60, 29, 46, 71, 24, 71, 74, 26, 68, 74, 2, 53, 72, 25, 69, 58, 25, 54, 63, 61, 58, 75, 0, 31, 76, 75, 66, 14, 32, 41, 30, 78, 10, 78, 39, 65, 79, 79, 82, 82, 84, 85, 86, 86, 86, 88, 90, 91, 92, 92, 93, 93, 94, 96, 98, 99, 99, 100, 100]
FILE [DEBUG] 2022-02-02 18:11:27,317 main Sorter Logger - Bubble sort progressing: [0, 7, 20, 31, 36, 42, 32, 44, 52, 33, 54, 55, 33, 9, 56, 57, 20, 2, 57, 60, 65, 65, 45, 42, 21, 54, 4, 66, 67, 34, 58, 41, 62, 21, 57, 69, 39, 17, 65, 70, 60, 29, 46, 70, 24, 71, 71, 26, 68, 74, 2, 53, 72, 25, 69, 58, 25, 54, 63, 61, 58, 74, 0, 31, 75, 75, 66, 14, 32, 41, 30, 76, 10, 78, 39, 65, 78, 79, 79, 82, 82, 84, 85, 86, 86, 86, 88, 90, 91, 92, 92, 93, 93, 94, 96, 98, 99, 99, 100, 100]
FILE [DEBUG] 2022-02-02 18:11:27,317 main Sorter Logger - Bubble sort progressing: [0, 7, 20, 31, 36, 32, 42, 44, 33, 52, 54, 33, 9, 55, 56, 20, 2, 57, 57, 60, 65, 45, 42, 21, 54, 4, 65, 66, 34, 58, 41, 62, 21, 57, 67, 39, 17, 65, 69, 60, 29, 46, 70, 24, 70, 71, 26, 68, 71, 2, 53, 72, 25, 69, 58, 25, 54, 63, 61, 58, 74, 0, 31, 74, 75, 66, 14, 32, 41, 30, 75, 10, 76, 39, 65, 78, 78, 79, 79, 82, 82, 84, 85, 86, 86, 86, 88, 90, 91, 92, 92, 93, 93, 94, 96, 98, 99, 99, 100, 100]
FILE [DEBUG] 2022-02-02 18:11:27,317 main Sorter Logger - Bubble sort progressing: [0, 7, 20, 31, 32, 36, 42, 33, 44, 52, 33, 9, 54, 55, 20, 2, 56, 57, 57, 60, 45, 42, 21, 54, 4, 65, 65, 34, 58, 41, 62, 21, 57, 66, 39, 17, 65, 67, 60, 29, 46, 69, 24, 70, 70, 26, 68, 71, 2, 53, 71, 25, 69, 58, 25, 54, 63, 61, 58, 72, 0, 31, 74, 74, 66, 14, 32, 41, 30, 75, 10, 75, 39, 65, 76, 78, 78, 79, 79, 82, 82, 84, 85, 86, 86, 86, 88, 90, 91, 92, 92, 93, 93, 94, 96, 98, 99, 99, 100, 100]
FILE [DEBUG] 2022-02-02 18:11:27,318 main Sorter Logger - Bubble sort progressing: [0, 7, 20, 31, 32, 36, 33, 42, 44, 33, 9, 52, 54, 20, 2, 55, 56, 57, 57, 45, 42, 21, 54, 4, 60, 65, 34, 58, 41, 62, 21, 57, 65, 39, 17, 65, 66, 60, 29, 46, 67, 24, 69, 70, 26, 68, 70, 2, 53, 71, 25, 69, 58, 25, 54, 63, 61, 58, 71, 0, 31, 72, 74, 66, 14, 32, 41, 30, 74, 10, 75, 39, 65, 75, 76, 78, 78, 79, 79, 82, 82, 84, 85, 86, 86, 86, 88, 90, 91, 92, 92, 93, 93, 94, 96, 98, 99, 99, 100, 100]
FILE [DEBUG] 2022-02-02 18:11:27,318 main Sorter Logger - Bubble sort progressing: [0, 7, 20, 31, 32, 33, 36, 42, 33, 9, 44, 52, 20, 2, 54, 55, 56, 57, 45, 42, 21, 54, 4, 57, 60, 34, 58, 41, 62, 21, 57, 65, 39, 17, 65, 65, 60, 29, 46, 66, 24, 67, 69, 26, 68, 70, 2, 53, 70, 25, 69, 58, 25, 54, 63, 61, 58, 71, 0, 31, 71, 72, 66, 14, 32, 41, 30, 74, 10, 74, 39, 65, 75, 75, 76, 78, 78, 79, 79, 82, 82, 84, 85, 86, 86, 86, 88, 90, 91, 92, 92, 93, 93, 94, 96, 98, 99, 99, 100, 100]
FILE [DEBUG] 2022-02-02 18:11:27,318 main Sorter Logger - Bubble sort progressing: [0, 7, 20, 31, 32, 33, 36, 33, 9, 42, 44, 20, 2, 52, 54, 55, 56, 45, 42, 21, 54, 4, 57, 57, 34, 58, 41, 60, 21, 57, 62, 39, 17, 65, 65, 60, 29, 46, 65, 24, 66, 67, 26, 68, 69, 2, 53, 70, 25, 69, 58, 25, 54, 63, 61, 58, 70, 0, 31, 71, 71, 66, 14, 32, 41, 30, 72, 10, 74, 39, 65, 74, 75, 75, 76, 78, 78, 79, 79, 82, 82, 84, 85, 86, 86, 86, 88, 90, 91, 92, 92, 93, 93, 94, 96, 98, 99, 99, 100, 100]
FILE [DEBUG] 2022-02-02 18:11:27,318 main Sorter Logger - Bubble sort progressing: [0, 7, 20, 31, 32, 33, 33, 9, 36, 42, 20, 2, 44, 52, 54, 55, 45, 42, 21, 54, 4, 56, 57, 34, 57, 41, 58, 21, 57, 60, 39, 17, 62, 65, 60, 29, 46, 65, 24, 65, 66, 26, 67, 68, 2, 53, 69, 25, 69, 58, 25, 54, 63, 61, 58, 70, 0, 31, 70, 71, 66, 14, 32, 41, 30, 71, 10, 72, 39, 65, 74, 74, 75, 75, 76, 78, 78, 79, 79, 82, 82, 84, 85, 86, 86, 86, 88, 90, 91, 92, 92, 93, 93, 94, 96, 98, 99, 99, 100, 100]
FILE [DEBUG] 2022-02-02 18:11:27,318 main Sorter Logger - Bubble sort progressing: [0, 7, 20, 31, 32, 33, 9, 33, 36, 20, 2, 42, 44, 52, 54, 45, 42, 21, 54, 4, 55, 56, 34, 57, 41, 57, 21, 57, 58, 39, 17, 60, 62, 60, 29, 46, 65, 24, 65, 65, 26, 66, 67, 2, 53, 68, 25, 69, 58, 25, 54, 63, 61, 58, 69, 0, 31, 70, 70, 66, 14, 32, 41, 30, 71, 10, 71, 39, 65, 72, 74, 74, 75, 75, 76, 78, 78, 79, 79, 82, 82, 84, 85, 86, 86, 86, 88, 90, 91, 92, 92, 93, 93, 94, 96, 98, 99, 99, 100, 100]
FILE [DEBUG] 2022-02-02 18:11:27,318 main Sorter Logger - Bubble sort progressing: [0, 7, 20, 31, 32, 9, 33, 33, 20, 2, 36, 42, 44, 52, 45, 42, 21, 54, 4, 54, 55, 34, 56, 41, 57, 21, 57, 57, 39, 17, 58, 60, 60, 29, 46, 62, 24, 65, 65, 26, 65, 66, 2, 53, 67, 25, 68, 58, 25, 54, 63, 61, 58, 69, 0, 31, 69, 70, 66, 14, 32, 41, 30, 70, 10, 71, 39, 65, 71, 72, 74, 74, 75, 75, 76, 78, 78, 79, 79, 82, 82, 84, 85, 86, 86, 86, 88, 90, 91, 92, 92, 93, 93, 94, 96, 98, 99, 99, 100, 100]
FILE [DEBUG] 2022-02-02 18:11:27,318 main Sorter Logger - Bubble sort progressing: [0, 7, 20, 31, 9, 32, 33, 20, 2, 33, 36, 42, 44, 45, 42, 21, 52, 4, 54, 54, 34, 55, 41, 56, 21, 57, 57, 39, 17, 57, 58, 60, 29, 46, 60, 24, 62, 65, 26, 65, 65, 2, 53, 66, 25, 67, 58, 25, 54, 63, 61, 58, 68, 0, 31, 69, 69, 66, 14, 32, 41, 30, 70, 10, 70, 39, 65, 71, 71, 72, 74, 74, 75, 75, 76, 78, 78, 79, 79, 82, 82, 84, 85, 86, 86, 86, 88, 90, 91, 92, 92, 93, 93, 94, 96, 98, 99, 99, 100, 100]
FILE [DEBUG] 2022-02-02 18:11:27,318 main Sorter Logger - Bubble sort progressing: [0, 7, 20, 9, 31, 32, 20, 2, 33, 33, 36, 42, 44, 42, 21, 45, 4, 52, 54, 34, 54, 41, 55, 21, 56, 57, 39, 17, 57, 57, 58, 29, 46, 60, 24, 60, 62, 26, 65, 65, 2, 53, 65, 25, 66, 58, 25, 54, 63, 61, 58, 67, 0, 31, 68, 69, 66, 14, 32, 41, 30, 69, 10, 70, 39, 65, 70, 71, 71, 72, 74, 74, 75, 75, 76, 78, 78, 79, 79, 82, 82, 84, 85, 86, 86, 86, 88, 90, 91, 92, 92, 93, 93, 94, 96, 98, 99, 99, 100, 100]
FILE [DEBUG] 2022-02-02 18:11:27,318 main Sorter Logger - Bubble sort progressing: [0, 7, 9, 20, 31, 20, 2, 32, 33, 33, 36, 42, 42, 21, 44, 4, 45, 52, 34, 54, 41, 54, 21, 55, 56, 39, 17, 57, 57, 57, 29, 46, 58, 24, 60, 60, 26, 62, 65, 2, 53, 65, 25, 65, 58, 25, 54, 63, 61, 58, 66, 0, 31, 67, 68, 66, 14, 32, 41, 30, 69, 10, 69, 39, 65, 70, 70, 71, 71, 72, 74, 74, 75, 75, 76, 78, 78, 79, 79, 82, 82, 84, 85, 86, 86, 86, 88, 90, 91, 92, 92, 93, 93, 94, 96, 98, 99, 99, 100, 100]
FILE [DEBUG] 2022-02-02 18:11:27,318 main Sorter Logger - Bubble sort progressing: [0, 7, 9, 20, 20, 2, 31, 32, 33, 33, 36, 42, 21, 42, 4, 44, 45, 34, 52, 41, 54, 21, 54, 55, 39, 17, 56, 57, 57, 29, 46, 57, 24, 58, 60, 26, 60, 62, 2, 53, 65, 25, 65, 58, 25, 54, 63, 61, 58, 65, 0, 31, 66, 67, 66, 14, 32, 41, 30, 68, 10, 69, 39, 65, 69, 70, 70, 71, 71, 72, 74, 74, 75, 75, 76, 78, 78, 79, 79, 82, 82, 84, 85, 86, 86, 86, 88, 90, 91, 92, 92, 93, 93, 94, 96, 98, 99, 99, 100, 100]
FILE [DEBUG] 2022-02-02 18:11:27,318 main Sorter Logger - Bubble sort progressing: [0, 7, 9, 20, 2, 20, 31, 32, 33, 33, 36, 21, 42, 4, 42, 44, 34, 45, 41, 52, 21, 54, 54, 39, 17, 55, 56, 57, 29, 46, 57, 24, 57, 58, 26, 60, 60, 2, 53, 62, 25, 65, 58, 25, 54, 63, 61, 58, 65, 0, 31, 65, 66, 66, 14, 32, 41, 30, 67, 10, 68, 39, 65, 69, 69, 70, 70, 71, 71, 72, 74, 74, 75, 75, 76, 78, 78, 79, 79, 82, 82, 84, 85, 86, 86, 86, 88, 90, 91, 92, 92, 93, 93, 94, 96, 98, 99, 99, 100, 100]
FILE [DEBUG] 2022-02-02 18:11:27,319 main Sorter Logger - Bubble sort progressing: [0, 7, 9, 2, 20, 20, 31, 32, 33, 33, 21, 36, 4, 42, 42, 34, 44, 41, 45, 21, 52, 54, 39, 17, 54, 55, 56, 29, 46, 57, 24, 57, 57, 26, 58, 60, 2, 53, 60, 25, 62, 58, 25, 54, 63, 61, 58, 65, 0, 31, 65, 65, 66, 14, 32, 41, 30, 66, 10, 67, 39, 65, 68, 69, 69, 70, 70, 71, 71, 72, 74, 74, 75, 75, 76, 78, 78, 79, 79, 82, 82, 84, 85, 86, 86, 86, 88, 90, 91, 92, 92, 93, 93, 94, 96, 98, 99, 99, 100, 100]
FILE [DEBUG] 2022-02-02 18:11:27,319 main Sorter Logger - Bubble sort progressing: [0, 7, 2, 9, 20, 20, 31, 32, 33, 21, 33, 4, 36, 42, 34, 42, 41, 44, 21, 45, 52, 39, 17, 54, 54, 55, 29, 46, 56, 24, 57, 57, 26, 57, 58, 2, 53, 60, 25, 60, 58, 25, 54, 62, 61, 58, 63, 0, 31, 65, 65, 65, 14, 32, 41, 30, 66, 10, 66, 39, 65, 67, 68, 69, 69, 70, 70, 71, 71, 72, 74, 74, 75, 75, 76, 78, 78, 79, 79, 82, 82, 84, 85, 86, 86, 86, 88, 90, 91, 92, 92, 93, 93, 94, 96, 98, 99, 99, 100, 100]
FILE [DEBUG] 2022-02-02 18:11:27,319 main Sorter Logger - Bubble sort progressing: [0, 2, 7, 9, 20, 20, 31, 32, 21, 33, 4, 33, 36, 34, 42, 41, 42, 21, 44, 45, 39, 17, 52, 54, 54, 29, 46, 55, 24, 56, 57, 26, 57, 57, 2, 53, 58, 25, 60, 58, 25, 54, 60, 61, 58, 62, 0, 31, 63, 65, 65, 14, 32, 41, 30, 65, 10, 66, 39, 65, 66, 67, 68, 69, 69, 70, 70, 71, 71, 72, 74, 74, 75, 75, 76, 78, 78, 79, 79, 82, 82, 84, 85, 86, 86, 86, 88, 90, 91, 92, 92, 93, 93, 94, 96, 98, 99, 99, 100, 100]
FILE [DEBUG] 2022-02-02 18:11:27,319 main Sorter Logger - Bubble sort progressing: [0, 2, 7, 9, 20, 20, 31, 21, 32, 4, 33, 33, 34, 36, 41, 42, 21, 42, 44, 39, 17, 45, 52, 54, 29, 46, 54, 24, 55, 56, 26, 57, 57, 2, 53, 57, 25, 58, 58, 25, 54, 60, 60, 58, 61, 0, 31, 62, 63, 65, 14, 32, 41, 30, 65, 10, 65, 39, 65, 66, 66, 67, 68, 69, 69, 70, 70, 71, 71, 72, 74, 74, 75, 75, 76, 78, 78, 79, 79, 82, 82, 84, 85, 86, 86, 86, 88, 90, 91, 92, 92, 93, 93, 94, 96, 98, 99, 99, 100, 100]
FILE [DEBUG] 2022-02-02 18:11:27,319 main Sorter Logger - Bubble sort progressing: [0, 2, 7, 9, 20, 20, 21, 31, 4, 32, 33, 33, 34, 36, 41, 21, 42, 42, 39, 17, 44, 45, 52, 29, 46, 54, 24, 54, 55, 26, 56, 57, 2, 53, 57, 25, 57, 58, 25, 54, 58, 60, 58, 60, 0, 31, 61, 62, 63, 14, 32, 41, 30, 65, 10, 65, 39, 65, 65, 66, 66, 67, 68, 69, 69, 70, 70, 71, 71, 72, 74, 74, 75, 75, 76, 78, 78, 79, 79, 82, 82, 84, 85, 86, 86, 86, 88, 90, 91, 92, 92, 93, 93, 94, 96, 98, 99, 99, 100, 100]
FILE [DEBUG] 2022-02-02 18:11:27,319 main Sorter Logger - Bubble sort progressing: [0, 2, 7, 9, 20, 20, 21, 4, 31, 32, 33, 33, 34, 36, 21, 41, 42, 39, 17, 42, 44, 45, 29, 46, 52, 24, 54, 54, 26, 55, 56, 2, 53, 57, 25, 57, 57, 25, 54, 58, 58, 58, 60, 0, 31, 60, 61, 62, 14, 32, 41, 30, 63, 10, 65, 39, 65, 65, 65, 66, 66, 67, 68, 69, 69, 70, 70, 71, 71, 72, 74, 74, 75, 75, 76, 78, 78, 79, 79, 82, 82, 84, 85, 86, 86, 86, 88, 90, 91, 92, 92, 93, 93, 94, 96, 98, 99, 99, 100, 100]
FILE [DEBUG] 2022-02-02 18:11:27,319 main Sorter Logger - Bubble sort progressing: [0, 2, 7, 9, 20, 20, 4, 21, 31, 32, 33, 33, 34, 21, 36, 41, 39, 17, 42, 42, 44, 29, 45, 46, 24, 52, 54, 26, 54, 55, 2, 53, 56, 25, 57, 57, 25, 54, 57, 58, 58, 58, 0, 31, 60, 60, 61, 14, 32, 41, 30, 62, 10, 63, 39, 65, 65, 65, 65, 66, 66, 67, 68, 69, 69, 70, 70, 71, 71, 72, 74, 74, 75, 75, 76, 78, 78, 79, 79, 82, 82, 84, 85, 86, 86, 86, 88, 90, 91, 92, 92, 93, 93, 94, 96, 98, 99, 99, 100, 100]
FILE [DEBUG] 2022-02-02 18:11:27,319 main Sorter Logger - Bubble sort progressing: [0, 2, 7, 9, 20, 4, 20, 21, 31, 32, 33, 33, 21, 34, 36, 39, 17, 41, 42, 42, 29, 44, 45, 24, 46, 52, 26, 54, 54, 2, 53, 55, 25, 56, 57, 25, 54, 57, 57, 58, 58, 0, 31, 58, 60, 60, 14, 32, 41, 30, 61, 10, 62, 39, 63, 65, 65, 65, 65, 66, 66, 67, 68, 69, 69, 70, 70, 71, 71, 72, 74, 74, 75, 75, 76, 78, 78, 79, 79, 82, 82, 84, 85, 86, 86, 86, 88, 90, 91, 92, 92, 93, 93, 94, 96, 98, 99, 99, 100, 100]
FILE [DEBUG] 2022-02-02 18:11:27,319 main Sorter Logger - Bubble sort progressing: [0, 2, 7, 9, 4, 20, 20, 21, 31, 32, 33, 21, 33, 34, 36, 17, 39, 41, 42, 29, 42, 44, 24, 45, 46, 26, 52, 54, 2, 53, 54, 25, 55, 56, 25, 54, 57, 57, 57, 58, 0, 31, 58, 58, 60, 14, 32, 41, 30, 60, 10, 61, 39, 62, 63, 65, 65, 65, 65, 66, 66, 67, 68, 69, 69, 70, 70, 71, 71, 72, 74, 74, 75, 75, 76, 78, 78, 79, 79, 82, 82, 84, 85, 86, 86, 86, 88, 90, 91, 92, 92, 93, 93, 94, 96, 98, 99, 99, 100, 100]
FILE [DEBUG] 2022-02-02 18:11:27,319 main Sorter Logger - Bubble sort progressing: [0, 2, 7, 4, 9, 20, 20, 21, 31, 32, 21, 33, 33, 34, 17, 36, 39, 41, 29, 42, 42, 24, 44, 45, 26, 46, 52, 2, 53, 54, 25, 54, 55, 25, 54, 56, 57, 57, 57, 0, 31, 58, 58, 58, 14, 32, 41, 30, 60, 10, 60, 39, 61, 62, 63, 65, 65, 65, 65, 66, 66, 67, 68, 69, 69, 70, 70, 71, 71, 72, 74, 74, 75, 75, 76, 78, 78, 79, 79, 82, 82, 84, 85, 86, 86, 86, 88, 90, 91, 92, 92, 93, 93, 94, 96, 98, 99, 99, 100, 100]
FILE [DEBUG] 2022-02-02 18:11:27,320 main Sorter Logger - Bubble sort progressing: [0, 2, 4, 7, 9, 20, 20, 21, 31, 21, 32, 33, 33, 17, 34, 36, 39, 29, 41, 42, 24, 42, 44, 26, 45, 46, 2, 52, 53, 25, 54, 54, 25, 54, 55, 56, 57, 57, 0, 31, 57, 58, 58, 14, 32, 41, 30, 58, 10, 60, 39, 60, 61, 62, 63, 65, 65, 65, 65, 66, 66, 67, 68, 69, 69, 70, 70, 71, 71, 72, 74, 74, 75, 75, 76, 78, 78, 79, 79, 82, 82, 84, 85, 86, 86, 86, 88, 90, 91, 92, 92, 93, 93, 94, 96, 98, 99, 99, 100, 100]
FILE [DEBUG] 2022-02-02 18:11:27,320 main Sorter Logger - Bubble sort progressing: [0, 2, 4, 7, 9, 20, 20, 21, 21, 31, 32, 33, 17, 33, 34, 36, 29, 39, 41, 24, 42, 42, 26, 44, 45, 2, 46, 52, 25, 53, 54, 25, 54, 54, 55, 56, 57, 0, 31, 57, 57, 58, 14, 32, 41, 30, 58, 10, 58, 39, 60, 60, 61, 62, 63, 65, 65, 65, 65, 66, 66, 67, 68, 69, 69, 70, 70, 71, 71, 72, 74, 74, 75, 75, 76, 78, 78, 79, 79, 82, 82, 84, 85, 86, 86, 86, 88, 90, 91, 92, 92, 93, 93, 94, 96, 98, 99, 99, 100, 100]
FILE [DEBUG] 2022-02-02 18:11:27,320 main Sorter Logger - Bubble sort progressing: [0, 2, 4, 7, 9, 20, 20, 21, 21, 31, 32, 17, 33, 33, 34, 29, 36, 39, 24, 41, 42, 26, 42, 44, 2, 45, 46, 25, 52, 53, 25, 54, 54, 54, 55, 56, 0, 31, 57, 57, 57, 14, 32, 41, 30, 58, 10, 58, 39, 58, 60, 60, 61, 62, 63, 65, 65, 65, 65, 66, 66, 67, 68, 69, 69, 70, 70, 71, 71, 72, 74, 74, 75, 75, 76, 78, 78, 79, 79, 82, 82, 84, 85, 86, 86, 86, 88, 90, 91, 92, 92, 93, 93, 94, 96, 98, 99, 99, 100, 100]
FILE [DEBUG] 2022-02-02 18:11:27,320 main Sorter Logger - Bubble sort progressing: [0, 2, 4, 7, 9, 20, 20, 21, 21, 31, 17, 32, 33, 33, 29, 34, 36, 24, 39, 41, 26, 42, 42, 2, 44, 45, 25, 46, 52, 25, 53, 54, 54, 54, 55, 0, 31, 56, 57, 57, 14, 32, 41, 30, 57, 10, 58, 39, 58, 58, 60, 60, 61, 62, 63, 65, 65, 65, 65, 66, 66, 67, 68, 69, 69, 70, 70, 71, 71, 72, 74, 74, 75, 75, 76, 78, 78, 79, 79, 82, 82, 84, 85, 86, 86, 86, 88, 90, 91, 92, 92, 93, 93, 94, 96, 98, 99, 99, 100, 100]
FILE [DEBUG] 2022-02-02 18:11:27,320 main Sorter Logger - Bubble sort progressing: [0, 2, 4, 7, 9, 20, 20, 21, 21, 17, 31, 32, 33, 29, 33, 34, 24, 36, 39, 26, 41, 42, 2, 42, 44, 25, 45, 46, 25, 52, 53, 54, 54, 54, 0, 31, 55, 56, 57, 14, 32, 41, 30, 57, 10, 57, 39, 58, 58, 58, 60, 60, 61, 62, 63, 65, 65, 65, 65, 66, 66, 67, 68, 69, 69, 70, 70, 71, 71, 72, 74, 74, 75, 75, 76, 78, 78, 79, 79, 82, 82, 84, 85, 86, 86, 86, 88, 90, 91, 92, 92, 93, 93, 94, 96, 98, 99, 99, 100, 100]
FILE [DEBUG] 2022-02-02 18:11:27,320 main Sorter Logger - Bubble sort progressing: [0, 2, 4, 7, 9, 20, 20, 21, 17, 21, 31, 32, 29, 33, 33, 24, 34, 36, 26, 39, 41, 2, 42, 42, 25, 44, 45, 25, 46, 52, 53, 54, 54, 0, 31, 54, 55, 56, 14, 32, 41, 30, 57, 10, 57, 39, 57, 58, 58, 58, 60, 60, 61, 62, 63, 65, 65, 65, 65, 66, 66, 67, 68, 69, 69, 70, 70, 71, 71, 72, 74, 74, 75, 75, 76, 78, 78, 79, 79, 82, 82, 84, 85, 86, 86, 86, 88, 90, 91, 92, 92, 93, 93, 94, 96, 98, 99, 99, 100, 100]
FILE [DEBUG] 2022-02-02 18:11:27,320 main Sorter Logger - Bubble sort progressing: [0, 2, 4, 7, 9, 20, 20, 17, 21, 21, 31, 29, 32, 33, 24, 33, 34, 26, 36, 39, 2, 41, 42, 25, 42, 44, 25, 45, 46, 52, 53, 54, 0, 31, 54, 54, 55, 14, 32, 41, 30, 56, 10, 57, 39, 57, 57, 58, 58, 58, 60, 60, 61, 62, 63, 65, 65, 65, 65, 66, 66, 67, 68, 69, 69, 70, 70, 71, 71, 72, 74, 74, 75, 75, 76, 78, 78, 79, 79, 82, 82, 84, 85, 86, 86, 86, 88, 90, 91, 92, 92, 93, 93, 94, 96, 98, 99, 99, 100, 100]
FILE [DEBUG] 2022-02-02 18:11:27,320 main Sorter Logger - Bubble sort progressing: [0, 2, 4, 7, 9, 20, 17, 20, 21, 21, 29, 31, 32, 24, 33, 33, 26, 34, 36, 2, 39, 41, 25, 42, 42, 25, 44, 45, 46, 52, 53, 0, 31, 54, 54, 54, 14, 32, 41, 30, 55, 10, 56, 39, 57, 57, 57, 58, 58, 58, 60, 60, 61, 62, 63, 65, 65, 65, 65, 66, 66, 67, 68, 69, 69, 70, 70, 71, 71, 72, 74, 74, 75, 75, 76, 78, 78, 79, 79, 82, 82, 84, 85, 86, 86, 86, 88, 90, 91, 92, 92, 93, 93, 94, 96, 98, 99, 99, 100, 100]
FILE [DEBUG] 2022-02-02 18:11:27,320 main Sorter Logger - Bubble sort progressing: [0, 2, 4, 7, 9, 17, 20, 20, 21, 21, 29, 31, 24, 32, 33, 26, 33, 34, 2, 36, 39, 25, 41, 42, 25, 42, 44, 45, 46, 52, 0, 31, 53, 54, 54, 14, 32, 41, 30, 54, 10, 55, 39, 56, 57, 57, 57, 58, 58, 58, 60, 60, 61, 62, 63, 65, 65, 65, 65, 66, 66, 67, 68, 69, 69, 70, 70, 71, 71, 72, 74, 74, 75, 75, 76, 78, 78, 79, 79, 82, 82, 84, 85, 86, 86, 86, 88, 90, 91, 92, 92, 93, 93, 94, 96, 98, 99, 99, 100, 100]
FILE [DEBUG] 2022-02-02 18:11:27,320 main Sorter Logger - Bubble sort progressing: [0, 2, 4, 7, 9, 17, 20, 20, 21, 21, 29, 24, 31, 32, 26, 33, 33, 2, 34, 36, 25, 39, 41, 25, 42, 42, 44, 45, 46, 0, 31, 52, 53, 54, 14, 32, 41, 30, 54, 10, 54, 39, 55, 56, 57, 57, 57, 58, 58, 58, 60, 60, 61, 62, 63, 65, 65, 65, 65, 66, 66, 67, 68, 69, 69, 70, 70, 71, 71, 72, 74, 74, 75, 75, 76, 78, 78, 79, 79, 82, 82, 84, 85, 86, 86, 86, 88, 90, 91, 92, 92, 93, 93, 94, 96, 98, 99, 99, 100, 100]
FILE [DEBUG] 2022-02-02 18:11:27,320 main Sorter Logger - Bubble sort progressing: [0, 2, 4, 7, 9, 17, 20, 20, 21, 21, 24, 29, 31, 26, 32, 33, 2, 33, 34, 25, 36, 39, 25, 41, 42, 42, 44, 45, 0, 31, 46, 52, 53, 14, 32, 41, 30, 54, 10, 54, 39, 54, 55, 56, 57, 57, 57, 58, 58, 58, 60, 60, 61, 62, 63, 65, 65, 65, 65, 66, 66, 67, 68, 69, 69, 70, 70, 71, 71, 72, 74, 74, 75, 75, 76, 78, 78, 79, 79, 82, 82, 84, 85, 86, 86, 86, 88, 90, 91, 92, 92, 93, 93, 94, 96, 98, 99, 99, 100, 100]
FILE [DEBUG] 2022-02-02 18:11:27,321 main Sorter Logger - Bubble sort progressing: [0, 2, 4, 7, 9, 17, 20, 20, 21, 21, 24, 29, 26, 31, 32, 2, 33, 33, 25, 34, 36, 25, 39, 41, 42, 42, 44, 0, 31, 45, 46, 52, 14, 32, 41, 30, 53, 10, 54, 39, 54, 54, 55, 56, 57, 57, 57, 58, 58, 58, 60, 60, 61, 62, 63, 65, 65, 65, 65, 66, 66, 67, 68, 69, 69, 70, 70, 71, 71, 72, 74, 74, 75, 75, 76, 78, 78, 79, 79, 82, 82, 84, 85, 86, 86, 86, 88, 90, 91, 92, 92, 93, 93, 94, 96, 98, 99, 99, 100, 100]
FILE [DEBUG] 2022-02-02 18:11:27,321 main Sorter Logger - Bubble sort progressing: [0, 2, 4, 7, 9, 17, 20, 20, 21, 21, 24, 26, 29, 31, 2, 32, 33, 25, 33, 34, 25, 36, 39, 41, 42, 42, 0, 31, 44, 45, 46, 14, 32, 41, 30, 52, 10, 53, 39, 54, 54, 54, 55, 56, 57, 57, 57, 58, 58, 58, 60, 60, 61, 62, 63, 65, 65, 65, 65, 66, 66, 67, 68, 69, 69, 70, 70, 71, 71, 72, 74, 74, 75, 75, 76, 78, 78, 79, 79, 82, 82, 84, 85, 86, 86, 86, 88, 90, 91, 92, 92, 93, 93, 94, 96, 98, 99, 99, 100, 100]
FILE [DEBUG] 2022-02-02 18:11:27,321 main Sorter Logger - Bubble sort progressing: [0, 2, 4, 7, 9, 17, 20, 20, 21, 21, 24, 26, 29, 2, 31, 32, 25, 33, 33, 25, 34, 36, 39, 41, 42, 0, 31, 42, 44, 45, 14, 32, 41, 30, 46, 10, 52, 39, 53, 54, 54, 54, 55, 56, 57, 57, 57, 58, 58, 58, 60, 60, 61, 62, 63, 65, 65, 65, 65, 66, 66, 67, 68, 69, 69, 70, 70, 71, 71, 72, 74, 74, 75, 75, 76, 78, 78, 79, 79, 82, 82, 84, 85, 86, 86, 86, 88, 90, 91, 92, 92, 93, 93, 94, 96, 98, 99, 99, 100, 100]
FILE [DEBUG] 2022-02-02 18:11:27,321 main Sorter Logger - Bubble sort progressing: [0, 2, 4, 7, 9, 17, 20, 20, 21, 21, 24, 26, 2, 29, 31, 25, 32, 33, 25, 33, 34, 36, 39, 41, 0, 31, 42, 42, 44, 14, 32, 41, 30, 45, 10, 46, 39, 52, 53, 54, 54, 54, 55, 56, 57, 57, 57, 58, 58, 58, 60, 60, 61, 62, 63, 65, 65, 65, 65, 66, 66, 67, 68, 69, 69, 70, 70, 71, 71, 72, 74, 74, 75, 75, 76, 78, 78, 79, 79, 82, 82, 84, 85, 86, 86, 86, 88, 90, 91, 92, 92, 93, 93, 94, 96, 98, 99, 99, 100, 100]
FILE [DEBUG] 2022-02-02 18:11:27,321 main Sorter Logger - Bubble sort progressing: [0, 2, 4, 7, 9, 17, 20, 20, 21, 21, 24, 2, 26, 29, 25, 31, 32, 25, 33, 33, 34, 36, 39, 0, 31, 41, 42, 42, 14, 32, 41, 30, 44, 10, 45, 39, 46, 52, 53, 54, 54, 54, 55, 56, 57, 57, 57, 58, 58, 58, 60, 60, 61, 62, 63, 65, 65, 65, 65, 66, 66, 67, 68, 69, 69, 70, 70, 71, 71, 72, 74, 74, 75, 75, 76, 78, 78, 79, 79, 82, 82, 84, 85, 86, 86, 86, 88, 90, 91, 92, 92, 93, 93, 94, 96, 98, 99, 99, 100, 100]
FILE [DEBUG] 2022-02-02 18:11:27,321 main Sorter Logger - Bubble sort progressing: [0, 2, 4, 7, 9, 17, 20, 20, 21, 21, 2, 24, 26, 25, 29, 31, 25, 32, 33, 33, 34, 36, 0, 31, 39, 41, 42, 14, 32, 41, 30, 42, 10, 44, 39, 45, 46, 52, 53, 54, 54, 54, 55, 56, 57, 57, 57, 58, 58, 58, 60, 60, 61, 62, 63, 65, 65, 65, 65, 66, 66, 67, 68, 69, 69, 70, 70, 71, 71, 72, 74, 74, 75, 75, 76, 78, 78, 79, 79, 82, 82, 84, 85, 86, 86, 86, 88, 90, 91, 92, 92, 93, 93, 94, 96, 98, 99, 99, 100, 100]
FILE [DEBUG] 2022-02-02 18:11:27,321 main Sorter Logger - Bubble sort progressing: [0, 2, 4, 7, 9, 17, 20, 20, 21, 2, 21, 24, 25, 26, 29, 25, 31, 32, 33, 33, 34, 0, 31, 36, 39, 41, 14, 32, 41, 30, 42, 10, 42, 39, 44, 45, 46, 52, 53, 54, 54, 54, 55, 56, 57, 57, 57, 58, 58, 58, 60, 60, 61, 62, 63, 65, 65, 65, 65, 66, 66, 67, 68, 69, 69, 70, 70, 71, 71, 72, 74, 74, 75, 75, 76, 78, 78, 79, 79, 82, 82, 84, 85, 86, 86, 86, 88, 90, 91, 92, 92, 93, 93, 94, 96, 98, 99, 99, 100, 100]
FILE [DEBUG] 2022-02-02 18:11:27,321 main Sorter Logger - Bubble sort progressing: [0, 2, 4, 7, 9, 17, 20, 20, 2, 21, 21, 24, 25, 26, 25, 29, 31, 32, 33, 33, 0, 31, 34, 36, 39, 14, 32, 41, 30, 41, 10, 42, 39, 42, 44, 45, 46, 52, 53, 54, 54, 54, 55, 56, 57, 57, 57, 58, 58, 58, 60, 60, 61, 62, 63, 65, 65, 65, 65, 66, 66, 67, 68, 69, 69, 70, 70, 71, 71, 72, 74, 74, 75, 75, 76, 78, 78, 79, 79, 82, 82, 84, 85, 86, 86, 86, 88, 90, 91, 92, 92, 93, 93, 94, 96, 98, 99, 99, 100, 100]
FILE [DEBUG] 2022-02-02 18:11:27,321 main Sorter Logger - Bubble sort progressing: [0, 2, 4, 7, 9, 17, 20, 2, 20, 21, 21, 24, 25, 25, 26, 29, 31, 32, 33, 0, 31, 33, 34, 36, 14, 32, 39, 30, 41, 10, 41, 39, 42, 42, 44, 45, 46, 52, 53, 54, 54, 54, 55, 56, 57, 57, 57, 58, 58, 58, 60, 60, 61, 62, 63, 65, 65, 65, 65, 66, 66, 67, 68, 69, 69, 70, 70, 71, 71, 72, 74, 74, 75, 75, 76, 78, 78, 79, 79, 82, 82, 84, 85, 86, 86, 86, 88, 90, 91, 92, 92, 93, 93, 94, 96, 98, 99, 99, 100, 100]
FILE [DEBUG] 2022-02-02 18:11:27,321 main Sorter Logger - Bubble sort progressing: [0, 2, 4, 7, 9, 17, 2, 20, 20, 21, 21, 24, 25, 25, 26, 29, 31, 32, 0, 31, 33, 33, 34, 14, 32, 36, 30, 39, 10, 41, 39, 41, 42, 42, 44, 45, 46, 52, 53, 54, 54, 54, 55, 56, 57, 57, 57, 58, 58, 58, 60, 60, 61, 62, 63, 65, 65, 65, 65, 66, 66, 67, 68, 69, 69, 70, 70, 71, 71, 72, 74, 74, 75, 75, 76, 78, 78, 79, 79, 82, 82, 84, 85, 86, 86, 86, 88, 90, 91, 92, 92, 93, 93, 94, 96, 98, 99, 99, 100, 100]
FILE [DEBUG] 2022-02-02 18:11:27,321 main Sorter Logger - Bubble sort progressing: [0, 2, 4, 7, 9, 2, 17, 20, 20, 21, 21, 24, 25, 25, 26, 29, 31, 0, 31, 32, 33, 33, 14, 32, 34, 30, 36, 10, 39, 39, 41, 41, 42, 42, 44, 45, 46, 52, 53, 54, 54, 54, 55, 56, 57, 57, 57, 58, 58, 58, 60, 60, 61, 62, 63, 65, 65, 65, 65, 66, 66, 67, 68, 69, 69, 70, 70, 71, 71, 72, 74, 74, 75, 75, 76, 78, 78, 79, 79, 82, 82, 84, 85, 86, 86, 86, 88, 90, 91, 92, 92, 93, 93, 94, 96, 98, 99, 99, 100, 100]
FILE [DEBUG] 2022-02-02 18:11:27,322 main Sorter Logger - Bubble sort progressing: [0, 2, 4, 7, 2, 9, 17, 20, 20, 21, 21, 24, 25, 25, 26, 29, 0, 31, 31, 32, 33, 14, 32, 33, 30, 34, 10, 36, 39, 39, 41, 41, 42, 42, 44, 45, 46, 52, 53, 54, 54, 54, 55, 56, 57, 57, 57, 58, 58, 58, 60, 60, 61, 62, 63, 65, 65, 65, 65, 66, 66, 67, 68, 69, 69, 70, 70, 71, 71, 72, 74, 74, 75, 75, 76, 78, 78, 79, 79, 82, 82, 84, 85, 86, 86, 86, 88, 90, 91, 92, 92, 93, 93, 94, 96, 98, 99, 99, 100, 100]
FILE [DEBUG] 2022-02-02 18:11:27,322 main Sorter Logger - Bubble sort progressing: [0, 2, 4, 2, 7, 9, 17, 20, 20, 21, 21, 24, 25, 25, 26, 0, 29, 31, 31, 32, 14, 32, 33, 30, 33, 10, 34, 36, 39, 39, 41, 41, 42, 42, 44, 45, 46, 52, 53, 54, 54, 54, 55, 56, 57, 57, 57, 58, 58, 58, 60, 60, 61, 62, 63, 65, 65, 65, 65, 66, 66, 67, 68, 69, 69, 70, 70, 71, 71, 72, 74, 74, 75, 75, 76, 78, 78, 79, 79, 82, 82, 84, 85, 86, 86, 86, 88, 90, 91, 92, 92, 93, 93, 94, 96, 98, 99, 99, 100, 100]
FILE [DEBUG] 2022-02-02 18:11:27,322 main Sorter Logger - Bubble sort progressing: [0, 2, 2, 4, 7, 9, 17, 20, 20, 21, 21, 24, 25, 25, 0, 26, 29, 31, 31, 14, 32, 32, 30, 33, 10, 33, 34, 36, 39, 39, 41, 41, 42, 42, 44, 45, 46, 52, 53, 54, 54, 54, 55, 56, 57, 57, 57, 58, 58, 58, 60, 60, 61, 62, 63, 65, 65, 65, 65, 66, 66, 67, 68, 69, 69, 70, 70, 71, 71, 72, 74, 74, 75, 75, 76, 78, 78, 79, 79, 82, 82, 84, 85, 86, 86, 86, 88, 90, 91, 92, 92, 93, 93, 94, 96, 98, 99, 99, 100, 100]
FILE [DEBUG] 2022-02-02 18:11:27,322 main Sorter Logger - Bubble sort progressing: [0, 2, 2, 4, 7, 9, 17, 20, 20, 21, 21, 24, 25, 0, 25, 26, 29, 31, 14, 31, 32, 30, 32, 10, 33, 33, 34, 36, 39, 39, 41, 41, 42, 42, 44, 45, 46, 52, 53, 54, 54, 54, 55, 56, 57, 57, 57, 58, 58, 58, 60, 60, 61, 62, 63, 65, 65, 65, 65, 66, 66, 67, 68, 69, 69, 70, 70, 71, 71, 72, 74, 74, 75, 75, 76, 78, 78, 79, 79, 82, 82, 84, 85, 86, 86, 86, 88, 90, 91, 92, 92, 93, 93, 94, 96, 98, 99, 99, 100, 100]
FILE [DEBUG] 2022-02-02 18:11:27,322 main Sorter Logger - Bubble sort progressing: [0, 2, 2, 4, 7, 9, 17, 20, 20, 21, 21, 24, 0, 25, 25, 26, 29, 14, 31, 31, 30, 32, 10, 32, 33, 33, 34, 36, 39, 39, 41, 41, 42, 42, 44, 45, 46, 52, 53, 54, 54, 54, 55, 56, 57, 57, 57, 58, 58, 58, 60, 60, 61, 62, 63, 65, 65, 65, 65, 66, 66, 67, 68, 69, 69, 70, 70, 71, 71, 72, 74, 74, 75, 75, 76, 78, 78, 79, 79, 82, 82, 84, 85, 86, 86, 86, 88, 90, 91, 92, 92, 93, 93, 94, 96, 98, 99, 99, 100, 100]
FILE [DEBUG] 2022-02-02 18:11:27,322 main Sorter Logger - Bubble sort progressing: [0, 2, 2, 4, 7, 9, 17, 20, 20, 21, 21, 0, 24, 25, 25, 26, 14, 29, 31, 30, 31, 10, 32, 32, 33, 33, 34, 36, 39, 39, 41, 41, 42, 42, 44, 45, 46, 52, 53, 54, 54, 54, 55, 56, 57, 57, 57, 58, 58, 58, 60, 60, 61, 62, 63, 65, 65, 65, 65, 66, 66, 67, 68, 69, 69, 70, 70, 71, 71, 72, 74, 74, 75, 75, 76, 78, 78, 79, 79, 82, 82, 84, 85, 86, 86, 86, 88, 90, 91, 92, 92, 93, 93, 94, 96, 98, 99, 99, 100, 100]
FILE [DEBUG] 2022-02-02 18:11:27,322 main Sorter Logger - Bubble sort progressing: [0, 2, 2, 4, 7, 9, 17, 20, 20, 21, 0, 21, 24, 25, 25, 14, 26, 29, 30, 31, 10, 31, 32, 32, 33, 33, 34, 36, 39, 39, 41, 41, 42, 42, 44, 45, 46, 52, 53, 54, 54, 54, 55, 56, 57, 57, 57, 58, 58, 58, 60, 60, 61, 62, 63, 65, 65, 65, 65, 66, 66, 67, 68, 69, 69, 70, 70, 71, 71, 72, 74, 74, 75, 75, 76, 78, 78, 79, 79, 82, 82, 84, 85, 86, 86, 86, 88, 90, 91, 92, 92, 93, 93, 94, 96, 98, 99, 99, 100, 100]
FILE [DEBUG] 2022-02-02 18:11:27,322 main Sorter Logger - Bubble sort progressing: [0, 2, 2, 4, 7, 9, 17, 20, 20, 0, 21, 21, 24, 25, 14, 25, 26, 29, 30, 10, 31, 31, 32, 32, 33, 33, 34, 36, 39, 39, 41, 41, 42, 42, 44, 45, 46, 52, 53, 54, 54, 54, 55, 56, 57, 57, 57, 58, 58, 58, 60, 60, 61, 62, 63, 65, 65, 65, 65, 66, 66, 67, 68, 69, 69, 70, 70, 71, 71, 72, 74, 74, 75, 75, 76, 78, 78, 79, 79, 82, 82, 84, 85, 86, 86, 86, 88, 90, 91, 92, 92, 93, 93, 94, 96, 98, 99, 99, 100, 100]
FILE [DEBUG] 2022-02-02 18:11:27,322 main Sorter Logger - Bubble sort progressing: [0, 2, 2, 4, 7, 9, 17, 20, 0, 20, 21, 21, 24, 14, 25, 25, 26, 29, 10, 30, 31, 31, 32, 32, 33, 33, 34, 36, 39, 39, 41, 41, 42, 42, 44, 45, 46, 52, 53, 54, 54, 54, 55, 56, 57, 57, 57, 58, 58, 58, 60, 60, 61, 62, 63, 65, 65, 65, 65, 66, 66, 67, 68, 69, 69, 70, 70, 71, 71, 72, 74, 74, 75, 75, 76, 78, 78, 79, 79, 82, 82, 84, 85, 86, 86, 86, 88, 90, 91, 92, 92, 93, 93, 94, 96, 98, 99, 99, 100, 100]
FILE [DEBUG] 2022-02-02 18:11:27,322 main Sorter Logger - Bubble sort progressing: [0, 2, 2, 4, 7, 9, 17, 0, 20, 20, 21, 21, 14, 24, 25, 25, 26, 10, 29, 30, 31, 31, 32, 32, 33, 33, 34, 36, 39, 39, 41, 41, 42, 42, 44, 45, 46, 52, 53, 54, 54, 54, 55, 56, 57, 57, 57, 58, 58, 58, 60, 60, 61, 62, 63, 65, 65, 65, 65, 66, 66, 67, 68, 69, 69, 70, 70, 71, 71, 72, 74, 74, 75, 75, 76, 78, 78, 79, 79, 82, 82, 84, 85, 86, 86, 86, 88, 90, 91, 92, 92, 93, 93, 94, 96, 98, 99, 99, 100, 100]
FILE [DEBUG] 2022-02-02 18:11:27,322 main Sorter Logger - Bubble sort progressing: [0, 2, 2, 4, 7, 9, 0, 17, 20, 20, 21, 14, 21, 24, 25, 25, 10, 26, 29, 30, 31, 31, 32, 32, 33, 33, 34, 36, 39, 39, 41, 41, 42, 42, 44, 45, 46, 52, 53, 54, 54, 54, 55, 56, 57, 57, 57, 58, 58, 58, 60, 60, 61, 62, 63, 65, 65, 65, 65, 66, 66, 67, 68, 69, 69, 70, 70, 71, 71, 72, 74, 74, 75, 75, 76, 78, 78, 79, 79, 82, 82, 84, 85, 86, 86, 86, 88, 90, 91, 92, 92, 93, 93, 94, 96, 98, 99, 99, 100, 100]
FILE [DEBUG] 2022-02-02 18:11:27,323 main Sorter Logger - Bubble sort progressing: [0, 2, 2, 4, 7, 0, 9, 17, 20, 20, 14, 21, 21, 24, 25, 10, 25, 26, 29, 30, 31, 31, 32, 32, 33, 33, 34, 36, 39, 39, 41, 41, 42, 42, 44, 45, 46, 52, 53, 54, 54, 54, 55, 56, 57, 57, 57, 58, 58, 58, 60, 60, 61, 62, 63, 65, 65, 65, 65, 66, 66, 67, 68, 69, 69, 70, 70, 71, 71, 72, 74, 74, 75, 75, 76, 78, 78, 79, 79, 82, 82, 84, 85, 86, 86, 86, 88, 90, 91, 92, 92, 93, 93, 94, 96, 98, 99, 99, 100, 100]
FILE [DEBUG] 2022-02-02 18:11:27,323 main Sorter Logger - Bubble sort progressing: [0, 2, 2, 4, 0, 7, 9, 17, 20, 14, 20, 21, 21, 24, 10, 25, 25, 26, 29, 30, 31, 31, 32, 32, 33, 33, 34, 36, 39, 39, 41, 41, 42, 42, 44, 45, 46, 52, 53, 54, 54, 54, 55, 56, 57, 57, 57, 58, 58, 58, 60, 60, 61, 62, 63, 65, 65, 65, 65, 66, 66, 67, 68, 69, 69, 70, 70, 71, 71, 72, 74, 74, 75, 75, 76, 78, 78, 79, 79, 82, 82, 84, 85, 86, 86, 86, 88, 90, 91, 92, 92, 93, 93, 94, 96, 98, 99, 99, 100, 100]
FILE [DEBUG] 2022-02-02 18:11:27,323 main Sorter Logger - Bubble sort progressing: [0, 2, 2, 0, 4, 7, 9, 17, 14, 20, 20, 21, 21, 10, 24, 25, 25, 26, 29, 30, 31, 31, 32, 32, 33, 33, 34, 36, 39, 39, 41, 41, 42, 42, 44, 45, 46, 52, 53, 54, 54, 54, 55, 56, 57, 57, 57, 58, 58, 58, 60, 60, 61, 62, 63, 65, 65, 65, 65, 66, 66, 67, 68, 69, 69, 70, 70, 71, 71, 72, 74, 74, 75, 75, 76, 78, 78, 79, 79, 82, 82, 84, 85, 86, 86, 86, 88, 90, 91, 92, 92, 93, 93, 94, 96, 98, 99, 99, 100, 100]
FILE [DEBUG] 2022-02-02 18:11:27,323 main Sorter Logger - Bubble sort progressing: [0, 2, 0, 2, 4, 7, 9, 14, 17, 20, 20, 21, 10, 21, 24, 25, 25, 26, 29, 30, 31, 31, 32, 32, 33, 33, 34, 36, 39, 39, 41, 41, 42, 42, 44, 45, 46, 52, 53, 54, 54, 54, 55, 56, 57, 57, 57, 58, 58, 58, 60, 60, 61, 62, 63, 65, 65, 65, 65, 66, 66, 67, 68, 69, 69, 70, 70, 71, 71, 72, 74, 74, 75, 75, 76, 78, 78, 79, 79, 82, 82, 84, 85, 86, 86, 86, 88, 90, 91, 92, 92, 93, 93, 94, 96, 98, 99, 99, 100, 100]
FILE [DEBUG] 2022-02-02 18:11:27,323 main Sorter Logger - Bubble sort progressing: [0, 0, 2, 2, 4, 7, 9, 14, 17, 20, 20, 10, 21, 21, 24, 25, 25, 26, 29, 30, 31, 31, 32, 32, 33, 33, 34, 36, 39, 39, 41, 41, 42, 42, 44, 45, 46, 52, 53, 54, 54, 54, 55, 56, 57, 57, 57, 58, 58, 58, 60, 60, 61, 62, 63, 65, 65, 65, 65, 66, 66, 67, 68, 69, 69, 70, 70, 71, 71, 72, 74, 74, 75, 75, 76, 78, 78, 79, 79, 82, 82, 84, 85, 86, 86, 86, 88, 90, 91, 92, 92, 93, 93, 94, 96, 98, 99, 99, 100, 100]
FILE [DEBUG] 2022-02-02 18:11:27,323 main Sorter Logger - Bubble sort progressing: [0, 0, 2, 2, 4, 7, 9, 14, 17, 20, 10, 20, 21, 21, 24, 25, 25, 26, 29, 30, 31, 31, 32, 32, 33, 33, 34, 36, 39, 39, 41, 41, 42, 42, 44, 45, 46, 52, 53, 54, 54, 54, 55, 56, 57, 57, 57, 58, 58, 58, 60, 60, 61, 62, 63, 65, 65, 65, 65, 66, 66, 67, 68, 69, 69, 70, 70, 71, 71, 72, 74, 74, 75, 75, 76, 78, 78, 79, 79, 82, 82, 84, 85, 86, 86, 86, 88, 90, 91, 92, 92, 93, 93, 94, 96, 98, 99, 99, 100, 100]
FILE [DEBUG] 2022-02-02 18:11:27,323 main Sorter Logger - Bubble sort progressing: [0, 0, 2, 2, 4, 7, 9, 14, 17, 10, 20, 20, 21, 21, 24, 25, 25, 26, 29, 30, 31, 31, 32, 32, 33, 33, 34, 36, 39, 39, 41, 41, 42, 42, 44, 45, 46, 52, 53, 54, 54, 54, 55, 56, 57, 57, 57, 58, 58, 58, 60, 60, 61, 62, 63, 65, 65, 65, 65, 66, 66, 67, 68, 69, 69, 70, 70, 71, 71, 72, 74, 74, 75, 75, 76, 78, 78, 79, 79, 82, 82, 84, 85, 86, 86, 86, 88, 90, 91, 92, 92, 93, 93, 94, 96, 98, 99, 99, 100, 100]
FILE [DEBUG] 2022-02-02 18:11:27,323 main Sorter Logger - Bubble sort progressing: [0, 0, 2, 2, 4, 7, 9, 14, 10, 17, 20, 20, 21, 21, 24, 25, 25, 26, 29, 30, 31, 31, 32, 32, 33, 33, 34, 36, 39, 39, 41, 41, 42, 42, 44, 45, 46, 52, 53, 54, 54, 54, 55, 56, 57, 57, 57, 58, 58, 58, 60, 60, 61, 62, 63, 65, 65, 65, 65, 66, 66, 67, 68, 69, 69, 70, 70, 71, 71, 72, 74, 74, 75, 75, 76, 78, 78, 79, 79, 82, 82, 84, 85, 86, 86, 86, 88, 90, 91, 92, 92, 93, 93, 94, 96, 98, 99, 99, 100, 100]
FILE [DEBUG] 2022-02-02 18:11:27,323 main Sorter Logger - Bubble sort progressing: [0, 0, 2, 2, 4, 7, 9, 10, 14, 17, 20, 20, 21, 21, 24, 25, 25, 26, 29, 30, 31, 31, 32, 32, 33, 33, 34, 36, 39, 39, 41, 41, 42, 42, 44, 45, 46, 52, 53, 54, 54, 54, 55, 56, 57, 57, 57, 58, 58, 58, 60, 60, 61, 62, 63, 65, 65, 65, 65, 66, 66, 67, 68, 69, 69, 70, 70, 71, 71, 72, 74, 74, 75, 75, 76, 78, 78, 79, 79, 82, 82, 84, 85, 86, 86, 86, 88, 90, 91, 92, 92, 93, 93, 94, 96, 98, 99, 99, 100, 100]
FILE [DEBUG] 2022-02-02 18:11:27,323 main Sorter Logger - Bubble sort progressing: [0, 0, 2, 2, 4, 7, 9, 10, 14, 17, 20, 20, 21, 21, 24, 25, 25, 26, 29, 30, 31, 31, 32, 32, 33, 33, 34, 36, 39, 39, 41, 41, 42, 42, 44, 45, 46, 52, 53, 54, 54, 54, 55, 56, 57, 57, 57, 58, 58, 58, 60, 60, 61, 62, 63, 65, 65, 65, 65, 66, 66, 67, 68, 69, 69, 70, 70, 71, 71, 72, 74, 74, 75, 75, 76, 78, 78, 79, 79, 82, 82, 84, 85, 86, 86, 86, 88, 90, 91, 92, 92, 93, 93, 94, 96, 98, 99, 99, 100, 100]
FILE [DEBUG] 2022-02-02 18:11:27,323 main Sorter Logger - Bubble sort progressing: [0, 0, 2, 2, 4, 7, 9, 10, 14, 17, 20, 20, 21, 21, 24, 25, 25, 26, 29, 30, 31, 31, 32, 32, 33, 33, 34, 36, 39, 39, 41, 41, 42, 42, 44, 45, 46, 52, 53, 54, 54, 54, 55, 56, 57, 57, 57, 58, 58, 58, 60, 60, 61, 62, 63, 65, 65, 65, 65, 66, 66, 67, 68, 69, 69, 70, 70, 71, 71, 72, 74, 74, 75, 75, 76, 78, 78, 79, 79, 82, 82, 84, 85, 86, 86, 86, 88, 90, 91, 92, 92, 93, 93, 94, 96, 98, 99, 99, 100, 100]
FILE [DEBUG] 2022-02-02 18:11:27,324 main Sorter Logger - Bubble sort progressing: [0, 0, 2, 2, 4, 7, 9, 10, 14, 17, 20, 20, 21, 21, 24, 25, 25, 26, 29, 30, 31, 31, 32, 32, 33, 33, 34, 36, 39, 39, 41, 41, 42, 42, 44, 45, 46, 52, 53, 54, 54, 54, 55, 56, 57, 57, 57, 58, 58, 58, 60, 60, 61, 62, 63, 65, 65, 65, 65, 66, 66, 67, 68, 69, 69, 70, 70, 71, 71, 72, 74, 74, 75, 75, 76, 78, 78, 79, 79, 82, 82, 84, 85, 86, 86, 86, 88, 90, 91, 92, 92, 93, 93, 94, 96, 98, 99, 99, 100, 100]
FILE [DEBUG] 2022-02-02 18:11:27,324 main Sorter Logger - Bubble sort progressing: [0, 0, 2, 2, 4, 7, 9, 10, 14, 17, 20, 20, 21, 21, 24, 25, 25, 26, 29, 30, 31, 31, 32, 32, 33, 33, 34, 36, 39, 39, 41, 41, 42, 42, 44, 45, 46, 52, 53, 54, 54, 54, 55, 56, 57, 57, 57, 58, 58, 58, 60, 60, 61, 62, 63, 65, 65, 65, 65, 66, 66, 67, 68, 69, 69, 70, 70, 71, 71, 72, 74, 74, 75, 75, 76, 78, 78, 79, 79, 82, 82, 84, 85, 86, 86, 86, 88, 90, 91, 92, 92, 93, 93, 94, 96, 98, 99, 99, 100, 100]
FILE [DEBUG] 2022-02-02 18:11:27,324 main Sorter Logger - Bubble sort progressing: [0, 0, 2, 2, 4, 7, 9, 10, 14, 17, 20, 20, 21, 21, 24, 25, 25, 26, 29, 30, 31, 31, 32, 32, 33, 33, 34, 36, 39, 39, 41, 41, 42, 42, 44, 45, 46, 52, 53, 54, 54, 54, 55, 56, 57, 57, 57, 58, 58, 58, 60, 60, 61, 62, 63, 65, 65, 65, 65, 66, 66, 67, 68, 69, 69, 70, 70, 71, 71, 72, 74, 74, 75, 75, 76, 78, 78, 79, 79, 82, 82, 84, 85, 86, 86, 86, 88, 90, 91, 92, 92, 93, 93, 94, 96, 98, 99, 99, 100, 100]
FILE [DEBUG] 2022-02-02 18:11:27,324 main Sorter Logger - Bubble sort progressing: [0, 0, 2, 2, 4, 7, 9, 10, 14, 17, 20, 20, 21, 21, 24, 25, 25, 26, 29, 30, 31, 31, 32, 32, 33, 33, 34, 36, 39, 39, 41, 41, 42, 42, 44, 45, 46, 52, 53, 54, 54, 54, 55, 56, 57, 57, 57, 58, 58, 58, 60, 60, 61, 62, 63, 65, 65, 65, 65, 66, 66, 67, 68, 69, 69, 70, 70, 71, 71, 72, 74, 74, 75, 75, 76, 78, 78, 79, 79, 82, 82, 84, 85, 86, 86, 86, 88, 90, 91, 92, 92, 93, 93, 94, 96, 98, 99, 99, 100, 100]
FILE [DEBUG] 2022-02-02 18:11:27,324 main Sorter Logger - Bubble sort progressing: [0, 0, 2, 2, 4, 7, 9, 10, 14, 17, 20, 20, 21, 21, 24, 25, 25, 26, 29, 30, 31, 31, 32, 32, 33, 33, 34, 36, 39, 39, 41, 41, 42, 42, 44, 45, 46, 52, 53, 54, 54, 54, 55, 56, 57, 57, 57, 58, 58, 58, 60, 60, 61, 62, 63, 65, 65, 65, 65, 66, 66, 67, 68, 69, 69, 70, 70, 71, 71, 72, 74, 74, 75, 75, 76, 78, 78, 79, 79, 82, 82, 84, 85, 86, 86, 86, 88, 90, 91, 92, 92, 93, 93, 94, 96, 98, 99, 99, 100, 100]
FILE [DEBUG] 2022-02-02 18:11:27,324 main Sorter Logger - Bubble sort progressing: [0, 0, 2, 2, 4, 7, 9, 10, 14, 17, 20, 20, 21, 21, 24, 25, 25, 26, 29, 30, 31, 31, 32, 32, 33, 33, 34, 36, 39, 39, 41, 41, 42, 42, 44, 45, 46, 52, 53, 54, 54, 54, 55, 56, 57, 57, 57, 58, 58, 58, 60, 60, 61, 62, 63, 65, 65, 65, 65, 66, 66, 67, 68, 69, 69, 70, 70, 71, 71, 72, 74, 74, 75, 75, 76, 78, 78, 79, 79, 82, 82, 84, 85, 86, 86, 86, 88, 90, 91, 92, 92, 93, 93, 94, 96, 98, 99, 99, 100, 100]
FILE [DEBUG] 2022-02-02 18:11:27,324 main Sorter Logger - Bubble sort progressing: [0, 0, 2, 2, 4, 7, 9, 10, 14, 17, 20, 20, 21, 21, 24, 25, 25, 26, 29, 30, 31, 31, 32, 32, 33, 33, 34, 36, 39, 39, 41, 41, 42, 42, 44, 45, 46, 52, 53, 54, 54, 54, 55, 56, 57, 57, 57, 58, 58, 58, 60, 60, 61, 62, 63, 65, 65, 65, 65, 66, 66, 67, 68, 69, 69, 70, 70, 71, 71, 72, 74, 74, 75, 75, 76, 78, 78, 79, 79, 82, 82, 84, 85, 86, 86, 86, 88, 90, 91, 92, 92, 93, 93, 94, 96, 98, 99, 99, 100, 100]
FILE [DEBUG] 2022-02-02 18:11:27,324 main Sorter Logger - Bubble sort result: [0, 0, 2, 2, 4, 7, 9, 10, 14, 17, 20, 20, 21, 21, 24, 25, 25, 26, 29, 30, 31, 31, 32, 32, 33, 33, 34, 36, 39, 39, 41, 41, 42, 42, 44, 45, 46, 52, 53, 54, 54, 54, 55, 56, 57, 57, 57, 58, 58, 58, 60, 60, 61, 62, 63, 65, 65, 65, 65, 66, 66, 67, 68, 69, 69, 70, 70, 71, 71, 72, 74, 74, 75, 75, 76, 78, 78, 79, 79, 82, 82, 84, 85, 86, 86, 86, 88, 90, 91, 92, 92, 93, 93, 94, 96, 98, 99, 99, 100, 100]
FILE [DEBUG] 2022-02-02 18:11:27,324 main Sorter Logger - Final sort result: [0, 0, 2, 2, 4, 7, 9, 10, 14, 17, 20, 20, 21, 21, 24, 25, 25, 26, 29, 30, 31, 31, 32, 32, 33, 33, 34, 36, 39, 39, 41, 41, 42, 42, 44, 45, 46, 52, 53, 54, 54, 54, 55, 56, 57, 57, 57, 58, 58, 58, 60, 60, 61, 62, 63, 65, 65, 65, 65, 66, 66, 67, 68, 69, 69, 70, 70, 71, 71, 72, 74, 74, 75, 75, 76, 78, 78, 79, 79, 82, 82, 84, 85, 86, 86, 86, 88, 90, 91, 92, 92, 93, 93, 94, 96, 98, 99, 99, 100, 100]
FILE [INFO ] 2022-02-02 18:18:37,049 main Sorter Logger - Launch sorting application
FILE [DEBUG] 2022-02-02 18:18:39,751 main Sorter Logger - Input minimum value: 0
FILE [WARN ] 2022-02-02 18:18:42,250 main Sorter Logger - Incorrect input detected: Non-int value / minInt > maxInt
FILE [DEBUG] 2022-02-02 18:18:43,718 main Sorter Logger - Input maximum value: 100
FILE [WARN ] 2022-02-02 18:18:45,894 main Sorter Logger - Incorrect input detected: Non-int value
FILE [WARN ] 2022-02-02 18:18:47,369 main Sorter Logger - Incorrect input detected: Non-int value
FILE [WARN ] 2022-02-02 18:18:48,315 main Sorter Logger - Incorrect input detected: Non-int value
FILE [WARN ] 2022-02-02 18:18:49,127 main Sorter Logger - Incorrect input detected: Non-int value
FILE [WARN ] 2022-02-02 18:18:50,205 main Sorter Logger - Incorrect input detected: Non-int value
FILE [WARN ] 2022-02-02 18:18:50,205 main Sorter Logger - Incorrect input detected: Non-int value
FILE [DEBUG] 2022-02-02 18:18:52,571 main Sorter Logger - Input array length: 10
FILE [DEBUG] 2022-02-02 18:18:52,572 main Sorter Logger - Array generated: [0, 75, 78, 38, 9, 59, 51, 19, 88, 31]
FILE [DEBUG] 2022-02-02 18:18:57,094 main Sorter Logger - Input sortMethod: bubble
FILE [DEBUG] 2022-02-02 18:18:57,095 main Sorter Logger - Received sort method: bubble
FILE [DEBUG] 2022-02-02 18:18:57,095 main Sorter Logger - int Array: [0, 75, 78, 38, 9, 59, 51, 19, 88, 31]
FILE [DEBUG] 2022-02-02 18:18:57,096 main Sorter Logger - Bubble sort progressing: [0, 75, 78, 38, 9, 59, 51, 19, 88, 31]
FILE [DEBUG] 2022-02-02 18:18:57,096 main Sorter Logger - Bubble sort progressing: [0, 75, 38, 9, 59, 51, 19, 78, 31, 88]
FILE [DEBUG] 2022-02-02 18:18:57,096 main Sorter Logger - Bubble sort progressing: [0, 38, 9, 59, 51, 19, 75, 31, 78, 88]
FILE [DEBUG] 2022-02-02 18:18:57,096 main Sorter Logger - Bubble sort progressing: [0, 9, 38, 51, 19, 59, 31, 75, 78, 88]
FILE [DEBUG] 2022-02-02 18:18:57,096 main Sorter Logger - Bubble sort progressing: [0, 9, 38, 19, 51, 31, 59, 75, 78, 88]
FILE [DEBUG] 2022-02-02 18:18:57,096 main Sorter Logger - Bubble sort progressing: [0, 9, 19, 38, 31, 51, 59, 75, 78, 88]
FILE [DEBUG] 2022-02-02 18:18:57,096 main Sorter Logger - Bubble sort progressing: [0, 9, 19, 31, 38, 51, 59, 75, 78, 88]
FILE [DEBUG] 2022-02-02 18:18:57,096 main Sorter Logger - Bubble sort progressing: [0, 9, 19, 31, 38, 51, 59, 75, 78, 88]
FILE [DEBUG] 2022-02-02 18:18:57,096 main Sorter Logger - Bubble sort progressing: [0, 9, 19, 31, 38, 51, 59, 75, 78, 88]
FILE [DEBUG] 2022-02-02 18:18:57,096 main Sorter Logger - Bubble sort result: [0, 9, 19, 31, 38, 51, 59, 75, 78, 88]
FILE [DEBUG] 2022-02-02 18:18:57,096 main Sorter Logger - Final sort result: [0, 9, 19, 31, 38, 51, 59, 75, 78, 88]
FILE [DEBUG] 2022-02-02 18:23:19,824 main Sorter Logger - Launch sorting application
FILE [DEBUG] 2022-02-02 18:23:25,153 main Sorter Logger - Merge sort progressing: [0, 11]
FILE [DEBUG] 2022-02-02 18:23:25,156 main Sorter Logger - Merge sort progressing: [0, 0, 11]
FILE [DEBUG] 2022-02-02 18:23:25,156 main Sorter Logger - Merge sort progressing: [0, 0]
FILE [DEBUG] 2022-02-02 18:23:25,156 main Sorter Logger - Merge sort progressing: [0, 2]
FILE [DEBUG] 2022-02-02 18:23:25,156 main Sorter Logger - Merge sort progressing: [0, 0, 0, 2]
FILE [DEBUG] 2022-02-02 18:23:25,156 main Sorter Logger - Merge sort progressing: [0, 0, 0, 0, 0, 2, 11]
FILE [DEBUG] 2022-02-02 18:23:25,165 main Sorter Logger - Merge sort progressing: [33, 61]
FILE [DEBUG] 2022-02-02 18:23:25,165 main Sorter Logger - Merge sort progressing: [1, 33, 61]
FILE [DEBUG] 2022-02-02 18:23:25,165 main Sorter Logger - Merge sort progressing: [13, 89]
FILE [DEBUG] 2022-02-02 18:23:25,165 main Sorter Logger - Merge sort progressing: [0, 60]
FILE [DEBUG] 2022-02-02 18:23:25,165 main Sorter Logger - Merge sort progressing: [0, 13, 60, 89]
FILE [DEBUG] 2022-02-02 18:23:25,165 main Sorter Logger - Merge sort progressing: [0, 1, 13, 33, 60, 61, 89]
FILE [DEBUG] 2022-02-02 18:23:36,691 main Sorter Logger - Merge sort progressing: [0, 11]
FILE [DEBUG] 2022-02-02 18:23:36,694 main Sorter Logger - Merge sort progressing: [0, 0, 11]
FILE [DEBUG] 2022-02-02 18:23:36,694 main Sorter Logger - Merge sort progressing: [0, 0]
FILE [DEBUG] 2022-02-02 18:23:36,694 main Sorter Logger - Merge sort progressing: [0, 2]
FILE [DEBUG] 2022-02-02 18:23:36,694 main Sorter Logger - Merge sort progressing: [0, 0, 0, 2]
FILE [DEBUG] 2022-02-02 18:23:36,694 main Sorter Logger - Merge sort progressing: [0, 0, 0, 0, 0, 2, 11]
FILE [DEBUG] 2022-02-02 18:23:36,705 main Sorter Logger - Merge sort progressing: [33, 61]
FILE [DEBUG] 2022-02-02 18:23:36,706 main Sorter Logger - Merge sort progressing: [1, 33, 61]
FILE [DEBUG] 2022-02-02 18:23:36,706 main Sorter Logger - Merge sort progressing: [13, 89]
FILE [DEBUG] 2022-02-02 18:23:36,706 main Sorter Logger - Merge sort progressing: [0, 60]
FILE [DEBUG] 2022-02-02 18:23:36,706 main Sorter Logger - Merge sort progressing: [0, 13, 60, 89]
FILE [DEBUG] 2022-02-02 18:23:36,706 main Sorter Logger - Merge sort progressing: [0, 1, 13, 33, 60, 61, 89]
FILE [DEBUG] 2022-02-02 19:42:14,849 main Sorter Logger - Launch sorting application
FILE [WARN ] 2022-02-02 19:42:17,007 main Sorter Logger - Incorrect input detected: Non-int value
FILE [DEBUG] 2022-02-02 19:42:22,852 main Sorter Logger - Input minimum value: 0
FILE [WARN ] 2022-02-02 19:42:24,549 main Sorter Logger - Incorrect input detected: Non-int value / minInt > maxInt
FILE [DEBUG] 2022-02-02 19:42:25,663 main Sorter Logger - Input maximum value: 100
FILE [DEBUG] 2022-02-02 19:42:27,165 main Sorter Logger - Input array length: 10
FILE [DEBUG] 2022-02-02 19:42:27,165 main Sorter Logger - Array generated: [49, 43, 14, 97, 52, 56, 4, 44, 27, 67]
FILE [DEBUG] 2022-02-02 19:42:32,257 main Sorter Logger - Input sortMethod: merge
FILE [DEBUG] 2022-02-02 19:42:32,267 main Sorter Logger - Received sort method: merge
FILE [DEBUG] 2022-02-02 19:42:32,267 main Sorter Logger - int Array: [49, 43, 14, 97, 52, 56, 4, 44, 27, 67]
FILE [DEBUG] 2022-02-02 19:42:32,272 main Sorter Logger - Merge sort progressing: [43, 49]
FILE [DEBUG] 2022-02-02 19:42:32,272 main Sorter Logger - Merge sort progressing: [52, 97]
FILE [DEBUG] 2022-02-02 19:42:32,272 main Sorter Logger - Merge sort progressing: [14, 52, 97]
FILE [DEBUG] 2022-02-02 19:42:32,272 main Sorter Logger - Merge sort progressing: [14, 43, 49, 52, 97]
FILE [DEBUG] 2022-02-02 19:42:32,272 main Sorter Logger - Merge sort progressing: [4, 56]
FILE [DEBUG] 2022-02-02 19:42:32,272 main Sorter Logger - Merge sort progressing: [27, 67]
FILE [DEBUG] 2022-02-02 19:42:32,272 main Sorter Logger - Merge sort progressing: [27, 44, 67]
FILE [DEBUG] 2022-02-02 19:42:32,272 main Sorter Logger - Merge sort progressing: [4, 27, 44, 56, 67]
FILE [DEBUG] 2022-02-02 19:42:32,272 main Sorter Logger - Merge sort progressing: [4, 14, 27, 43, 44, 49, 52, 56, 67, 97]
FILE [DEBUG] 2022-02-02 19:42:32,272 main Sorter Logger - Final sort result: [4, 14, 27, 43, 44, 49, 52, 56, 67, 97]
